#
# A fatal error has been detected by the Java Runtime Environment:
#
#  SIGSEGV (0xb) at pc=0x00007f971260a253, pid=3811, tid=0x00007f96fc8f5700
#
# JRE version: OpenJDK Runtime Environment (8.0_191-b12) (build 1.8.0_191-8u191-b12-0ubuntu0.18.04.1-b12)
# Java VM: OpenJDK 64-Bit Server VM (25.191-b12 mixed mode linux-amd64 compressed oops)
# Problematic frame:
# V  [libjvm.so+0x963253]
#
# Failed to write core dump. Core dumps have been disabled. To enable core dumping, try "ulimit -c unlimited" before starting Java again
#
# If you would like to submit a bug report, please visit:
#   http://bugreport.java.com/bugreport/crash.jsp
#

---------------  T H R E A D  ---------------

Current thread (0x00007f970c029800):  GCTaskThread [stack: 0x00007f96fc7f6000,0x00007f96fc8f6000] [id=3816]

siginfo: si_signo: 11 (SIGSEGV), si_code: 1 (SEGV_MAPERR), si_addr: 0x0000000003180350

Registers:
RAX=0x0000000000000001, RBX=0x00000000ebbb7680, RCX=0x0000000000000003, RDX=0x00007f9712be8940
RSP=0x00007f96fc8f4be0, RBP=0x00007f96fc8f4c80, RSI=0x00000000ebbb7680, RDI=0x0000000003180348
R8 =0x006c006200750070, R9 =0x00007f9712c107f0, R10=0x00000000f5375850, R11=0x00000000f56d45b0
R12=0x00007f970c07b500, R13=0x0000000000000000, R14=0x00007f970c07b568, R15=0x00007f9712be8950
RIP=0x00007f971260a253, EFLAGS=0x0000000000010206, CSGSFS=0x002b000000000033, ERR=0x0000000000000004
  TRAPNO=0x000000000000000e

Top of Stack: (sp=0x00007f96fc8f4be0)
0x00007f96fc8f4be0:   0000008000000005 00007f9712c107f0
0x00007f96fc8f4bf0:   00000001004641f8 0000000000000020
0x00007f96fc8f4c00:   00007f9600000004 0000000000000105
0x00007f96fc8f4c10:   00000000f56cde18 0000000000001000
0x00007f96fc8f4c20:   00007f96fc8f4d30 00007f96fc8f4cf0
0x00007f96fc8f4c30:   00007f96fc8f4c60 00007f971260f499
0x00007f96fc8f4c40:   00007f96fc8f4c60 bfd3c497a7b2db00
0x00007f96fc8f4c50:   0000000000000000 00007f970c07b500
0x00007f96fc8f4c60:   00000000f56d4474 0000000000000000
0x00007f96fc8f4c70:   00007f970c07b568 00007f9712be8950
0x00007f96fc8f4c80:   00007f96fc8f4cd0 00007f9712609b48
0x00007f96fc8f4c90:   00007f96fc8f4cd0 0000000000000000
0x00007f96fc8f4ca0:   0000000000000000 00007f970c07b500
0x00007f96fc8f4cb0:   00007f96d017c6c0 00007f970c029800
0x00007f96fc8f4cc0:   0000000000000000 00007f9712c06748
0x00007f96fc8f4cd0:   00007f96fc8f4da0 00007f971260dc0a
0x00007f96fc8f4ce0:   00007f96fc8f4d20 00007f971275f5f9
0x00007f96fc8f4cf0:   00007f9712b4f8e0 00007f96fc8f4d00
0x00007f96fc8f4d00:   00007f970c07b500 00007f96d017c5d0
0x00007f96fc8f4d10:   00007f9712b4f958 00007f9712c06700
0x00007f96fc8f4d20:   00007f970c07b500 00007f971260db1b
0x00007f96fc8f4d30:   00007f9712b4f940 00007f970c015200
0x00007f96fc8f4d40:   00007f9712b4f910 00007f9712551c00
0x00007f96fc8f4d50:   00007f970c07b500 0000000000000000
0x00007f96fc8f4d60:   00007f96fc8f4da0 bfd3c497a7b2db00
0x00007f96fc8f4d70:   00007f96fc8f4da0 0000000000000001
0x00007f96fc8f4d80:   00007f96d017c6c0 00007f970c029800
0x00007f96fc8f4d90:   0000000000000000 00007f9712c06748
0x00007f96fc8f4da0:   00007f96fc8f4eb0 00007f97122632c6
0x00007f96fc8f4db0:   00000000000003d8 00007f970c029bd0
0x00007f96fc8f4dc0:   00007f970c029ff8 00007f970c029c20
0x00007f96fc8f4dd0:   00007f96fc8f4e40 00007f970c029c10 

Instructions: (pc=0x00007f971260a253)
0x00007f971260a233:   41 be 01 00 00 00 e9 b8 fe ff ff 66 90 48 8d 15
0x00007f971260a243:   f9 e6 5d 00 8b 7e 08 8b 4a 08 48 d3 e7 48 03 3a
0x00007f971260a253:   8b 4f 08 83 f9 00 0f 8f 86 fd ff ff 0f 84 03 fe
0x00007f971260a263:   ff ff 3c 01 48 8d 15 fe d9 5c 00 48 19 c0 83 e0 

Register to memory mapping:

RAX=0x0000000000000001 is an unknown value
RBX=0x00000000ebbb7680 is an oop

[error occurred during error reporting (printing register info), id 0xb]

Stack: [0x00007f96fc7f6000,0x00007f96fc8f6000],  sp=0x00007f96fc8f4be0,  free space=1018k
Native frames: (J=compiled Java code, j=interpreted, Vv=VM code, C=native code)
V  [libjvm.so+0x963253]
V  [libjvm.so+0x962b48]
V  [libjvm.so+0x966c0a]
V  [libjvm.so+0x5bc2c6]
V  [libjvm.so+0x8eaa42]


---------------  P R O C E S S  ---------------

Java Threads: ( => current thread )
  0x00007f9694001000 JavaThread "HikariPool-1 connection adder" daemon [_thread_blocked, id=3843, stack(0x00007f96b5ef9000,0x00007f96b5ffa000)]
  0x00007f970c40a000 JavaThread "HikariPool-1 housekeeper" daemon [_thread_blocked, id=3842, stack(0x00007f96b5ffa000,0x00007f96b60fb000)]
  0x00007f970c282000 JavaThread "Abandoned connection cleanup thread" daemon [_thread_blocked, id=3840, stack(0x00007f96b62fb000,0x00007f96b63fc000)]
  0x00007f970c67c800 JavaThread "container-0" [_thread_blocked, id=3839, stack(0x00007f96b63fc000,0x00007f96b64fd000)]
  0x00007f970cd45800 JavaThread "ContainerBackgroundProcessor[StandardEngine[Tomcat]]" daemon [_thread_blocked, id=3838, stack(0x00007f96b64fd000,0x00007f96b65fe000)]
  0x00007f96a4023800 JavaThread "localhost-startStop-1" daemon [_thread_blocked, id=3837, stack(0x00007f96b7eff000,0x00007f96b8000000)]
  0x00007f970cd44800 JavaThread "Tomcat-startStop-1" daemon [_thread_blocked, id=3836, stack(0x00007f96b73fe000,0x00007f96b74ff000)]
  0x00007f970c6a5000 JavaThread "RMI TCP Accept-0" daemon [_thread_in_native, id=3832, stack(0x00007f96c8387000,0x00007f96c8488000)]
  0x00007f970c66e800 JavaThread "RMI TCP Accept-11275" daemon [_thread_in_native, id=3831, stack(0x00007f96c8488000,0x00007f96c8589000)]
  0x00007f970c659800 JavaThread "RMI TCP Accept-0" daemon [_thread_in_native, id=3830, stack(0x00007f96c8589000,0x00007f96c868a000)]
  0x00007f970c0c6000 JavaThread "Service Thread" daemon [_thread_blocked, id=3829, stack(0x00007f96f8122000,0x00007f96f8223000)]
  0x00007f970c0c3000 JavaThread "C1 CompilerThread2" daemon [_thread_blocked, id=3828, stack(0x00007f96f8224000,0x00007f96f8324000)]
  0x00007f970c0c1000 JavaThread "C2 CompilerThread1" daemon [_thread_blocked, id=3827, stack(0x00007f96f8325000,0x00007f96f8425000)]
  0x00007f970c0be800 JavaThread "C2 CompilerThread0" daemon [_thread_blocked, id=3826, stack(0x00007f96f8426000,0x00007f96f8526000)]
  0x00007f970c0bc800 JavaThread "Signal Dispatcher" daemon [_thread_blocked, id=3825, stack(0x00007f96f8526000,0x00007f96f8627000)]
  0x00007f970c08a000 JavaThread "Finalizer" daemon [_thread_blocked, id=3820, stack(0x00007f96f8a36000,0x00007f96f8b37000)]
  0x00007f970c087800 JavaThread "Reference Handler" daemon [_thread_blocked, id=3819, stack(0x00007f96f8b37000,0x00007f96f8c38000)]
  0x00007f970c010800 JavaThread "main" [_thread_blocked, id=3813, stack(0x00007f9713973000,0x00007f9713a73000)]

Other Threads:
  0x00007f970c07e000 VMThread [stack: 0x00007f96f8c39000,0x00007f96f8d39000] [id=3818]
  0x00007f970c6a7800 WatcherThread [stack: 0x00007f96c8287000,0x00007f96c8387000] [id=3833]

=>0x00007f970c029800 (exited) GCTaskThread [stack: 0x00007f96fc7f6000,0x00007f96fc8f6000] [id=3816]

VM state:at safepoint (normal execution)

VM Mutex/Monitor currently owned by a thread:  ([mutex/lock_event])
[0x00007f970c00cc90] Threads_lock - owner thread: 0x00007f970c07e000
[0x00007f970c00d190] Heap_lock - owner thread: 0x00007f970c010800

Heap:
 PSYoungGen      total 133632K, used 132669K [0x00000000eb900000, 0x00000000f5e00000, 0x0000000100000000)
  eden space 121856K, 100% used [0x00000000eb900000,0x00000000f3000000,0x00000000f3000000)
  from space 11776K, 91% used [0x00000000f3000000,0x00000000f3a8f5f8,0x00000000f3b80000)
  to   space 13312K, 48% used [0x00000000f5100000,0x00000000f575de18,0x00000000f5e00000)
 ParOldGen       total 73728K, used 33845K [0x00000000c2a00000, 0x00000000c7200000, 0x00000000eb900000)
  object space 73728K, 45% used [0x00000000c2a00000,0x00000000c4b0d4d8,0x00000000c7200000)
 Metaspace       used 46388K, capacity 47977K, committed 48256K, reserved 1091584K
  class space    used 6188K, capacity 6511K, committed 6528K, reserved 1048576K

Card table byte_map: [0x00007f97100e7000,0x00007f97102d3000] byte_map_base: 0x00007f970fad2000

Marking Bits: (ParMarkBitMap*) 0x00007f9712c10340
 Begin Bits: [0x00007f96fa844000, 0x00007f96fb79c000)
 End Bits:   [0x00007f96fb79c000, 0x00007f96fc6f4000)

Polling page: 0x00007f9713a91000

CodeCache: size=245760Kb used=8205Kb max_used=8205Kb free=237554Kb
 bounds [0x00007f96fd000000, 0x00007f96fd810000, 0x00007f970c000000]
 total_blobs=4465 nmethods=3942 adapters=436
 compilation: enabled

Compilation events (10 events):
Event: 14,295 Thread 0x00007f970c0c3000 3980       1       org.hibernate.boot.internal.InFlightMetadataCollectorImpl::getDatabase (27 bytes)
Event: 14,295 Thread 0x00007f970c0c3000 nmethod 3980 0x00007f96fd801010 code [0x00007f96fd8011a0, 0x00007f96fd801428]
Event: 14,295 Thread 0x00007f970c0c3000 3981       1       org.hibernate.mapping.PersistentClass::getEntityName (5 bytes)
Event: 14,295 Thread 0x00007f970c0c3000 nmethod 3981 0x00007f96fd801590 code [0x00007f96fd8016e0, 0x00007f96fd8017f0]
Event: 14,297 Thread 0x00007f970c0c3000 3982   !   1       sun.reflect.GeneratedConstructorAccessor2::newInstance (49 bytes)
Event: 14,297 Thread 0x00007f970c0c3000 nmethod 3982 0x00007f96fd801850 code [0x00007f96fd8019e0, 0x00007f96fd801ce8]
Event: 14,328 Thread 0x00007f970c0c3000 3983       1       org.hibernate.boot.model.naming.Identifier::isQuoted (60 bytes)
Event: 14,329 Thread 0x00007f970c0c3000 nmethod 3983 0x00007f96fd8029d0 code [0x00007f96fd802b80, 0x00007f96fd802e58]
Event: 14,339 Thread 0x00007f970c0c3000 3984       1       java.util.Collections$UnmodifiableMap$UnmodifiableEntrySet$UnmodifiableEntry::getValue (10 bytes)
Event: 14,339 Thread 0x00007f970c0c3000 nmethod 3984 0x00007f96fd8034d0 code [0x00007f96fd803640, 0x00007f96fd803788]

GC Heap History (10 events):
Event: 9,552 GC heap after
Heap after GC invocations=15 (full 1):
 PSYoungGen      total 94720K, used 1728K [0x00000000eb900000, 0x00000000f1e00000, 0x0000000100000000)
  eden space 87552K, 0% used [0x00000000eb900000,0x00000000eb900000,0x00000000f0e80000)
  from space 7168K, 24% used [0x00000000f1580000,0x00000000f1730090,0x00000000f1c80000)
  to   space 7168K, 0% used [0x00000000f0e80000,0x00000000f0e80000,0x00000000f1580000)
 ParOldGen       total 32256K, used 19340K [0x00000000c2a00000, 0x00000000c4980000, 0x00000000eb900000)
  object space 32256K, 59% used [0x00000000c2a00000,0x00000000c3ce3368,0x00000000c4980000)
 Metaspace       used 29823K, capacity 31205K, committed 31488K, reserved 1077248K
  class space    used 3931K, capacity 4237K, committed 4352K, reserved 1048576K
}
Event: 10,398 GC heap before
{Heap before GC invocations=16 (full 1):
 PSYoungGen      total 94720K, used 89280K [0x00000000eb900000, 0x00000000f1e00000, 0x0000000100000000)
  eden space 87552K, 100% used [0x00000000eb900000,0x00000000f0e80000,0x00000000f0e80000)
  from space 7168K, 24% used [0x00000000f1580000,0x00000000f1730090,0x00000000f1c80000)
  to   space 7168K, 0% used [0x00000000f0e80000,0x00000000f0e80000,0x00000000f1580000)
 ParOldGen       total 32256K, used 19340K [0x00000000c2a00000, 0x00000000c4980000, 0x00000000eb900000)
  object space 32256K, 59% used [0x00000000c2a00000,0x00000000c3ce3368,0x00000000c4980000)
 Metaspace       used 31010K, capacity 32459K, committed 32640K, reserved 1077248K
  class space    used 4094K, capacity 4396K, committed 4480K, reserved 1048576K
Event: 10,405 GC heap after
Heap after GC invocations=16 (full 1):
 PSYoungGen      total 94720K, used 4978K [0x00000000eb900000, 0x00000000f4280000, 0x0000000100000000)
  eden space 87552K, 0% used [0x00000000eb900000,0x00000000eb900000,0x00000000f0e80000)
  from space 7168K, 69% used [0x00000000f0e80000,0x00000000f135cb58,0x00000000f1580000)
  to   space 7168K, 0% used [0x00000000f3b80000,0x00000000f3b80000,0x00000000f4280000)
 ParOldGen       total 32256K, used 20371K [0x00000000c2a00000, 0x00000000c4980000, 0x00000000eb900000)
  object space 32256K, 63% used [0x00000000c2a00000,0x00000000c3de4eb8,0x00000000c4980000)
 Metaspace       used 31010K, capacity 32459K, committed 32640K, reserved 1077248K
  class space    used 4094K, capacity 4396K, committed 4480K, reserved 1048576K
}
Event: 11,180 GC heap before
{Heap before GC invocations=17 (full 1):
 PSYoungGen      total 94720K, used 92530K [0x00000000eb900000, 0x00000000f4280000, 0x0000000100000000)
  eden space 87552K, 100% used [0x00000000eb900000,0x00000000f0e80000,0x00000000f0e80000)
  from space 7168K, 69% used [0x00000000f0e80000,0x00000000f135cb58,0x00000000f1580000)
  to   space 7168K, 0% used [0x00000000f3b80000,0x00000000f3b80000,0x00000000f4280000)
 ParOldGen       total 32256K, used 20371K [0x00000000c2a00000, 0x00000000c4980000, 0x00000000eb900000)
  object space 32256K, 63% used [0x00000000c2a00000,0x00000000c3de4eb8,0x00000000c4980000)
 Metaspace       used 32106K, capacity 33611K, committed 33792K, reserved 1079296K
  class space    used 4219K, capacity 4524K, committed 4608K, reserved 1048576K
Event: 11,194 GC heap after
Heap after GC invocations=17 (full 1):
 PSYoungGen      total 129024K, used 7146K [0x00000000eb900000, 0x00000000f4c00000, 0x0000000100000000)
  eden space 121856K, 0% used [0x00000000eb900000,0x00000000eb900000,0x00000000f3000000)
  from space 7168K, 99% used [0x00000000f3b80000,0x00000000f427a960,0x00000000f4280000)
  to   space 11776K, 0% used [0x00000000f3000000,0x00000000f3000000,0x00000000f3b80000)
 ParOldGen       total 32256K, used 30352K [0x00000000c2a00000, 0x00000000c4980000, 0x00000000eb900000)
  object space 32256K, 94% used [0x00000000c2a00000,0x00000000c47a4230,0x00000000c4980000)
 Metaspace       used 32106K, capacity 33611K, committed 33792K, reserved 1079296K
  class space    used 4219K, capacity 4524K, committed 4608K, reserved 1048576K
}
Event: 11,194 GC heap before
{Heap before GC invocations=18 (full 2):
 PSYoungGen      total 129024K, used 7146K [0x00000000eb900000, 0x00000000f4c00000, 0x0000000100000000)
  eden space 121856K, 0% used [0x00000000eb900000,0x00000000eb900000,0x00000000f3000000)
  from space 7168K, 99% used [0x00000000f3b80000,0x00000000f427a960,0x00000000f4280000)
  to   space 11776K, 0% used [0x00000000f3000000,0x00000000f3000000,0x00000000f3b80000)
 ParOldGen       total 32256K, used 30352K [0x00000000c2a00000, 0x00000000c4980000, 0x00000000eb900000)
  object space 32256K, 94% used [0x00000000c2a00000,0x00000000c47a4230,0x00000000c4980000)
 Metaspace       used 32106K, capacity 33611K, committed 33792K, reserved 1079296K
  class space    used 4219K, capacity 4524K, committed 4608K, reserved 1048576K
Event: 11,426 GC heap after
Heap after GC invocations=18 (full 2):
 PSYoungGen      total 129024K, used 2022K [0x00000000eb900000, 0x00000000f4c00000, 0x0000000100000000)
  eden space 121856K, 0% used [0x00000000eb900000,0x00000000eb900000,0x00000000f3000000)
  from space 7168K, 28% used [0x00000000f3b80000,0x00000000f3d798b0,0x00000000f4280000)
  to   space 11776K, 0% used [0x00000000f3000000,0x00000000f3000000,0x00000000f3b80000)
 ParOldGen       total 73728K, used 31781K [0x00000000c2a00000, 0x00000000c7200000, 0x00000000eb900000)
  object space 73728K, 43% used [0x00000000c2a00000,0x00000000c49094d8,0x00000000c7200000)
 Metaspace       used 32106K, capacity 33611K, committed 33792K, reserved 1079296K
  class space    used 4219K, capacity 4524K, committed 4608K, reserved 1048576K
}
Event: 12,075 GC heap before
{Heap before GC invocations=19 (full 2):
 PSYoungGen      total 129024K, used 123878K [0x00000000eb900000, 0x00000000f4c00000, 0x0000000100000000)
  eden space 121856K, 100% used [0x00000000eb900000,0x00000000f3000000,0x00000000f3000000)
  from space 7168K, 28% used [0x00000000f3b80000,0x00000000f3d798b0,0x00000000f4280000)
  to   space 11776K, 0% used [0x00000000f3000000,0x00000000f3000000,0x00000000f3b80000)
 ParOldGen       total 73728K, used 31781K [0x00000000c2a00000, 0x00000000c7200000, 0x00000000eb900000)
  object space 73728K, 43% used [0x00000000c2a00000,0x00000000c49094d8,0x00000000c7200000)
 Metaspace       used 37166K, capacity 38603K, committed 38784K, reserved 1083392K
  class space    used 4943K, capacity 5228K, committed 5248K, reserved 1048576K
Event: 12,091 GC heap after
Heap after GC invocations=19 (full 2):
 PSYoungGen      total 133632K, used 10813K [0x00000000eb900000, 0x00000000f5e00000, 0x0000000100000000)
  eden space 121856K, 0% used [0x00000000eb900000,0x00000000eb900000,0x00000000f3000000)
  from space 11776K, 91% used [0x00000000f3000000,0x00000000f3a8f5f8,0x00000000f3b80000)
  to   space 13312K, 0% used [0x00000000f5100000,0x00000000f5100000,0x00000000f5e00000)
 ParOldGen       total 73728K, used 33837K [0x00000000c2a00000, 0x00000000c7200000, 0x00000000eb900000)
  object space 73728K, 45% used [0x00000000c2a00000,0x00000000c4b0b4d8,0x00000000c7200000)
 Metaspace       used 37166K, capacity 38603K, committed 38784K, reserved 1083392K
  class space    used 4943K, capacity 5228K, committed 5248K, reserved 1048576K
}
Event: 14,422 GC heap before
{Heap before GC invocations=20 (full 2):
 PSYoungGen      total 133632K, used 132669K [0x00000000eb900000, 0x00000000f5e00000, 0x0000000100000000)
  eden space 121856K, 100% used [0x00000000eb900000,0x00000000f3000000,0x00000000f3000000)
  from space 11776K, 91% used [0x00000000f3000000,0x00000000f3a8f5f8,0x00000000f3b80000)
  to   space 13312K, 0% used [0x00000000f5100000,0x00000000f5100000,0x00000000f5e00000)
 ParOldGen       total 73728K, used 33837K [0x00000000c2a00000, 0x00000000c7200000, 0x00000000eb900000)
  object space 73728K, 45% used [0x00000000c2a00000,0x00000000c4b0b4d8,0x00000000c7200000)
 Metaspace       used 46388K, capacity 47977K, committed 48256K, reserved 1091584K
  class space    used 6188K, capacity 6511K, committed 6528K, reserved 1048576K

Deoptimization events (0 events):
No events

Classes redefined (0 events):
No events

Internal exceptions (10 events):
Event: 14,289 Thread 0x00007f970c010800 Exception <a 'java/lang/ArrayIndexOutOfBoundsException'> (0x00000000f29a9248) thrown at [/build/openjdk-8-rxFzfV/openjdk-8-8u191-b12/src/hotspot/src/share/vm/runtime/sharedRuntime.cpp, line 605]
Event: 14,289 Thread 0x00007f970c010800 Exception <a 'java/lang/ArrayIndexOutOfBoundsException'> (0x00000000f29aa3c8) thrown at [/build/openjdk-8-rxFzfV/openjdk-8-8u191-b12/src/hotspot/src/share/vm/runtime/sharedRuntime.cpp, line 605]
Event: 14,294 Thread 0x00007f970c010800 Exception <a 'java/lang/ArrayIndexOutOfBoundsException'> (0x00000000f29e1c10) thrown at [/build/openjdk-8-rxFzfV/openjdk-8-8u191-b12/src/hotspot/src/share/vm/runtime/sharedRuntime.cpp, line 605]
Event: 14,294 Thread 0x00007f970c010800 Exception <a 'java/lang/ArrayIndexOutOfBoundsException'> (0x00000000f29e3030) thrown at [/build/openjdk-8-rxFzfV/openjdk-8-8u191-b12/src/hotspot/src/share/vm/runtime/sharedRuntime.cpp, line 605]
Event: 14,294 Thread 0x00007f970c010800 Exception <a 'java/lang/ArrayIndexOutOfBoundsException'> (0x00000000f29e44a0) thrown at [/build/openjdk-8-rxFzfV/openjdk-8-8u191-b12/src/hotspot/src/share/vm/runtime/sharedRuntime.cpp, line 605]
Event: 14,294 Thread 0x00007f970c010800 Exception <a 'java/lang/ArrayIndexOutOfBoundsException'> (0x00000000f29e5360) thrown at [/build/openjdk-8-rxFzfV/openjdk-8-8u191-b12/src/hotspot/src/share/vm/runtime/sharedRuntime.cpp, line 605]
Event: 14,294 Thread 0x00007f970c010800 Exception <a 'java/lang/ArrayIndexOutOfBoundsException'> (0x00000000f29ece48) thrown at [/build/openjdk-8-rxFzfV/openjdk-8-8u191-b12/src/hotspot/src/share/vm/runtime/sharedRuntime.cpp, line 605]
Event: 14,294 Thread 0x00007f970c010800 Exception <a 'java/lang/ArrayIndexOutOfBoundsException'> (0x00000000f29ee038) thrown at [/build/openjdk-8-rxFzfV/openjdk-8-8u191-b12/src/hotspot/src/share/vm/runtime/sharedRuntime.cpp, line 605]
Event: 14,294 Thread 0x00007f970c010800 Exception <a 'java/lang/ArrayIndexOutOfBoundsException'> (0x00000000f29ef278) thrown at [/build/openjdk-8-rxFzfV/openjdk-8-8u191-b12/src/hotspot/src/share/vm/runtime/sharedRuntime.cpp, line 605]
Event: 14,294 Thread 0x00007f970c010800 Exception <a 'java/lang/ArrayIndexOutOfBoundsException'> (0x00000000f29f0138) thrown at [/build/openjdk-8-rxFzfV/openjdk-8-8u191-b12/src/hotspot/src/share/vm/runtime/sharedRuntime.cpp, line 605]

Events (10 events):
Event: 14,420 loading class org/hibernate/tuple/component/DynamicMapComponentTuplizer done
Event: 14,421 loading class org/hibernate/property/access/spi/Getter
Event: 14,421 loading class org/hibernate/property/access/spi/Getter done
Event: 14,421 loading class org/hibernate/property/access/spi/Setter
Event: 14,421 loading class org/hibernate/property/access/spi/Setter done
Event: 14,421 loading class org/hibernate/property/access/internal/PropertyAccessStrategyResolverStandardImpl
Event: 14,421 loading class org/hibernate/property/access/internal/PropertyAccessStrategyResolverStandardImpl done
Event: 14,421 loading class org/hibernate/property/access/spi/PropertyAccessStrategy
Event: 14,421 loading class org/hibernate/property/access/spi/PropertyAccessStrategy done
Event: 14,421 Executing VM operation: ParallelGCFailedAllocation


Dynamic libraries:
c2a00000-c7200000 rw-p 00000000 00:00 0 
c7200000-eb900000 ---p 00000000 00:00 0 
eb900000-f5e00000 rw-p 00000000 00:00 0 
f5e00000-100000000 ---p 00000000 00:00 0 
100000000-100660000 rw-p 00000000 00:00 0 
100660000-140000000 ---p 00000000 00:00 0 
556e94eb1000-556e94eb2000 r-xp 00000000 08:06 8916504                    /usr/lib/jvm/java-8-openjdk-amd64/jre/bin/java
556e950b1000-556e950b2000 r--p 00000000 08:06 8916504                    /usr/lib/jvm/java-8-openjdk-amd64/jre/bin/java
556e950b2000-556e950b3000 rw-p 00001000 08:06 8916504                    /usr/lib/jvm/java-8-openjdk-amd64/jre/bin/java
556e96ca7000-556e96cc8000 rw-p 00000000 00:00 0                          [heap]
7f9694000000-7f9694021000 rw-p 00000000 00:00 0 
7f9694021000-7f9698000000 ---p 00000000 00:00 0 
7f9698000000-7f9698021000 rw-p 00000000 00:00 0 
7f9698021000-7f969c000000 ---p 00000000 00:00 0 
7f969c000000-7f969c021000 rw-p 00000000 00:00 0 
7f969c021000-7f96a0000000 ---p 00000000 00:00 0 
7f96a0000000-7f96a0021000 rw-p 00000000 00:00 0 
7f96a0021000-7f96a4000000 ---p 00000000 00:00 0 
7f96a4000000-7f96a4026000 rw-p 00000000 00:00 0 
7f96a4026000-7f96a8000000 ---p 00000000 00:00 0 
7f96a8000000-7f96a8021000 rw-p 00000000 00:00 0 
7f96a8021000-7f96ac000000 ---p 00000000 00:00 0 
7f96ac000000-7f96ac5a2000 rw-p 00000000 00:00 0 
7f96ac5a2000-7f96b0000000 ---p 00000000 00:00 0 
7f96b0000000-7f96b0021000 rw-p 00000000 00:00 0 
7f96b0021000-7f96b4000000 ---p 00000000 00:00 0 
7f96b58f9000-7f96b59b9000 rw-p 00000000 00:00 0 
7f96b59b9000-7f96b5af9000 ---p 00000000 00:00 0 
7f96b5af9000-7f96b5cf9000 rw-p 00000000 00:00 0 
7f96b5cf9000-7f96b5ef9000 rw-p 00000000 00:00 0 
7f96b5ef9000-7f96b5efc000 ---p 00000000 00:00 0 
7f96b5efc000-7f96b5ffa000 rw-p 00000000 00:00 0 
7f96b5ffa000-7f96b5ffd000 ---p 00000000 00:00 0 
7f96b5ffd000-7f96b62fb000 rw-p 00000000 00:00 0 
7f96b62fb000-7f96b62fe000 ---p 00000000 00:00 0 
7f96b62fe000-7f96b63fc000 rw-p 00000000 00:00 0 
7f96b63fc000-7f96b63ff000 ---p 00000000 00:00 0 
7f96b63ff000-7f96b64fd000 rw-p 00000000 00:00 0 
7f96b64fd000-7f96b6500000 ---p 00000000 00:00 0 
7f96b6500000-7f96b67fe000 rw-p 00000000 00:00 0 
7f96b67fe000-7f96b69fe000 rw-p 00000000 00:00 0 
7f96b69fe000-7f96b6bfe000 rw-p 00000000 00:00 0 
7f96b6bfe000-7f96b6dfe000 rw-p 00000000 00:00 0 
7f96b6dfe000-7f96b6ffe000 rw-p 00000000 00:00 0 
7f96b6ffe000-7f96b71fe000 rw-p 00000000 00:00 0 
7f96b71fe000-7f96b73fe000 rw-p 00000000 00:00 0 
7f96b73fe000-7f96b7401000 ---p 00000000 00:00 0 
7f96b7401000-7f96b76ff000 rw-p 00000000 00:00 0 
7f96b76ff000-7f96b78ff000 rw-p 00000000 00:00 0 
7f96b78ff000-7f96b7aff000 rw-p 00000000 00:00 0 
7f96b7aff000-7f96b7cff000 rw-p 00000000 00:00 0 
7f96b7cff000-7f96b7eff000 rw-p 00000000 00:00 0 
7f96b7eff000-7f96b7f02000 ---p 00000000 00:00 0 
7f96b7f02000-7f96b8000000 rw-p 00000000 00:00 0 
7f96b8000000-7f96b8021000 rw-p 00000000 00:00 0 
7f96b8021000-7f96bc000000 ---p 00000000 00:00 0 
7f96bc000000-7f96bc021000 rw-p 00000000 00:00 0 
7f96bc021000-7f96c0000000 ---p 00000000 00:00 0 
7f96c0000000-7f96c0021000 rw-p 00000000 00:00 0 
7f96c0021000-7f96c4000000 ---p 00000000 00:00 0 
7f96c4000000-7f96c4021000 rw-p 00000000 00:00 0 
7f96c4021000-7f96c8000000 ---p 00000000 00:00 0 
7f96c806e000-7f96c8073000 r--s 002f9000 08:06 9048345                    /usr/lib/jvm/java-8-openjdk-amd64/jre/lib/charsets.jar
7f96c8073000-7f96c8086000 r--s 00346000 08:06 9048356                    /usr/lib/jvm/java-8-openjdk-amd64/jre/lib/resources.jar
7f96c8086000-7f96c8286000 rw-p 00000000 00:00 0 
7f96c8286000-7f96c8287000 ---p 00000000 00:00 0 
7f96c8287000-7f96c8387000 rw-p 00000000 00:00 0 
7f96c8387000-7f96c838a000 ---p 00000000 00:00 0 
7f96c838a000-7f96c8488000 rw-p 00000000 00:00 0 
7f96c8488000-7f96c848b000 ---p 00000000 00:00 0 
7f96c848b000-7f96c8589000 rw-p 00000000 00:00 0 
7f96c8589000-7f96c858c000 ---p 00000000 00:00 0 
7f96c858c000-7f96c868a000 rw-p 00000000 00:00 0 
7f96c868a000-7f96c868f000 r--s 000a0000 08:06 9048352                    /usr/lib/jvm/java-8-openjdk-amd64/jre/lib/jsse.jar
7f96c868f000-7f96c869a000 r--s 0009e000 08:07 9181420                    /home/marin/.m2/repository/org/springframework/security/spring-security-config/5.0.7.RELEASE/spring-security-config-5.0.7.RELEASE.jar
7f96c869a000-7f96c86a7000 r--s 0006c000 08:07 9181418                    /home/marin/.m2/repository/org/springframework/security/spring-security-web/5.0.7.RELEASE/spring-security-web-5.0.7.RELEASE.jar
7f96c86a7000-7f96c86ac000 r--s 00040000 08:07 9307605                    /home/marin/.m2/repository/org/springframework/spring-expression/5.0.7.RELEASE/spring-expression-5.0.7.RELEASE.jar
7f96c86ac000-7f96c86c6000 r--s 000f1000 08:07 9307603                    /home/marin/.m2/repository/org/springframework/spring-context/5.0.7.RELEASE/spring-context-5.0.7.RELEASE.jar
7f96c86c6000-7f96c86d2000 r--s 00096000 08:07 9307595                    /home/marin/.m2/repository/org/springframework/spring-beans/5.0.7.RELEASE/spring-beans-5.0.7.RELEASE.jar
7f96c86d2000-7f96c86db000 r--s 00051000 08:07 9307601                    /home/marin/.m2/repository/org/springframework/spring-aop/5.0.7.RELEASE/spring-aop-5.0.7.RELEASE.jar
7f96c86db000-7f96c86e7000 r--s 0005c000 08:07 9181416                    /home/marin/.m2/repository/org/springframework/security/spring-security-core/5.0.7.RELEASE/spring-security-core-5.0.7.RELEASE.jar
7f96c86e7000-7f96c8723000 r--s 00290000 08:07 9307651                    /home/marin/.m2/repository/net/bytebuddy/byte-buddy/1.7.11/byte-buddy-1.7.11.jar
7f96c8723000-7f96c8724000 r--s 00000000 08:07 9309721                    /home/marin/.m2/repository/org/hibernate/hibernate-entitymanager/5.2.17.Final/hibernate-entitymanager-5.2.17.Final.jar
7f96c8724000-7f96c8727000 r--s 00010000 08:07 9307697                    /home/marin/.m2/repository/org/hibernate/common/hibernate-commons-annotations/5.0.1.Final/hibernate-commons-annotations-5.0.1.Final.jar
7f96c8727000-7f96c872c000 r--s 00048000 08:07 9307695                    /home/marin/.m2/repository/dom4j/dom4j/1.6.1/dom4j-1.6.1.jar
7f96c872c000-7f96c872e000 r--s 0000e000 08:07 9307562                    /home/marin/.m2/repository/com/fasterxml/classmate/1.3.4/classmate-1.3.4.jar
7f96c872e000-7f96c8731000 r--s 0002b000 08:07 9307693                    /home/marin/.m2/repository/org/jboss/jandex/2.0.3.Final/jandex-2.0.3.Final.jar
7f96c8731000-7f96c8732000 r--s 00006000 08:07 9309691                    /home/marin/.m2/repository/org/jboss/spec/javax/transaction/jboss-transaction-api_1.2_spec/1.0.1.Final/jboss-transaction-api_1.2_spec-1.0.1.Final.jar
7f96c8732000-7f96c8737000 r--s 00068000 08:07 9307691                    /home/marin/.m2/repository/antlr/antlr/2.7.7/antlr-2.7.7.jar
7f96c8737000-7f96c8741000 r--s 000ab000 08:07 9307689                    /home/marin/.m2/repository/org/javassist/javassist/3.22.0-GA/javassist-3.22.0-GA.jar
7f96c8741000-7f96c8746000 r--s 00017000 08:07 9307687                    /home/marin/.m2/repository/org/hibernate/javax/persistence/hibernate-jpa-2.1-api/1.0.2.Final/hibernate-jpa-2.1-api-1.0.2.Final.jar
7f96c8746000-7f96c8748000 r--s 0000f000 08:07 9307560                    /home/marin/.m2/repository/org/jboss/logging/jboss-logging/3.3.2.Final/jboss-logging-3.3.2.Final.jar
7f96c8748000-7f96c87c6000 r--s 005f0000 08:07 9307685                    /home/marin/.m2/repository/org/hibernate/hibernate-core/5.2.17.Final/hibernate-core-5.2.17.Final.jar
7f96c87c6000-7f96c87ca000 r--s 0001b000 08:07 9309597                    /home/marin/.m2/repository/javax/xml/bind/jaxb-api/2.3.0/jaxb-api-2.3.0.jar
7f96c87ca000-7f96c87cc000 r--s 00009000 08:07 9307725                    /home/marin/.m2/repository/org/slf4j/slf4j-api/1.7.25/slf4j-api-1.7.25.jar
7f96c87cc000-7f96c87cd000 r--s 00000000 08:07 9307723                    /home/marin/.m2/repository/com/infradna/tool/bridge-method-annotation/1.13/bridge-method-annotation-1.13.jar
7f96c87cd000-7f96c87ce000 r--s 00002000 08:07 9307721                    /home/marin/.m2/repository/com/mysema/commons/mysema-commons-lang/0.2.4/mysema-commons-lang-0.2.4.jar
7f96c87ce000-7f96c87d1000 r--s 00006000 08:07 9307719                    /home/marin/.m2/repository/com/google/code/findbugs/jsr305/1.3.9/jsr305-1.3.9.jar
7f96c87d1000-7f96c87fc000 r--s 001fc000 08:07 9307717                    /home/marin/.m2/repository/com/google/guava/guava/18.0/guava-18.0.jar
7f96c87fc000-7f96c8805000 r--s 00067000 08:07 9307715                    /home/marin/.m2/repository/com/querydsl/querydsl-core/4.1.4/querydsl-core-4.1.4.jar
7f96c8805000-7f96c8807000 r--s 0001d000 08:07 9307713                    /home/marin/.m2/repository/com/querydsl/querydsl-jpa/4.1.4/querydsl-jpa-4.1.4.jar
7f96c8807000-7f96c8811000 r--s 000ec000 08:07 9307711                    /home/marin/.m2/repository/mysql/mysql-connector-java/5.1.46/mysql-connector-java-5.1.46.jar
7f96c8811000-7f96c8813000 r--s 0000a000 08:07 9307709                    /home/marin/.m2/repository/org/springframework/spring-aspects/5.0.7.RELEASE/spring-aspects-5.0.7.RELEASE.jar
7f96c8813000-7f96c881b000 r--s 00037000 08:07 9307707                    /home/marin/.m2/repository/org/springframework/spring-tx/5.0.7.RELEASE/spring-tx-5.0.7.RELEASE.jar
7f96c881b000-7f96c881f000 r--s 0002b000 08:07 9307705                    /home/marin/.m2/repository/org/springframework/spring-orm/5.0.7.RELEASE/spring-orm-5.0.7.RELEASE.jar
7f96c881f000-7f96c8836000 r--s 000f1000 08:07 9307703                    /home/marin/.m2/repository/org/springframework/data/spring-data-commons/2.0.8.RELEASE/spring-data-commons-2.0.8.RELEASE.jar
7f96c8836000-7f96c883e000 r--s 0004b000 08:07 9307701                    /home/marin/.m2/repository/org/springframework/data/spring-data-jpa/2.0.8.RELEASE/spring-data-jpa-2.0.8.RELEASE.jar
7f96c883e000-7f96c8840000 r--s 00006000 08:07 9307699                    /home/marin/.m2/repository/javax/transaction/javax.transaction-api/1.2/javax.transaction-api-1.2.jar
7f96c8840000-7f96c8849000 r--s 00059000 08:07 9307683                    /home/marin/.m2/repository/org/springframework/spring-jdbc/5.0.7.RELEASE/spring-jdbc-5.0.7.RELEASE.jar
7f96c8849000-7f96c884d000 r--s 00020000 08:07 9307681                    /home/marin/.m2/repository/com/zaxxer/HikariCP/2.7.9/HikariCP-2.7.9.jar
7f96c884d000-7f96c884e000 r--s 00000000 08:07 9307679                    /home/marin/.m2/repository/org/springframework/boot/spring-boot-starter-jdbc/2.0.3.RELEASE/spring-boot-starter-jdbc-2.0.3.RELEASE.jar
7f96c884e000-7f96c8867000 r--s 001bf000 08:07 9307677                    /home/marin/.m2/repository/org/aspectj/aspectjweaver/1.8.13/aspectjweaver-1.8.13.jar
7f96c8867000-7f96c8868000 r--s 00000000 08:07 9307675                    /home/marin/.m2/repository/org/springframework/boot/spring-boot-starter-aop/2.0.3.RELEASE/spring-boot-starter-aop-2.0.3.RELEASE.jar
7f96c8868000-7f96c8869000 r--s 00000000 08:07 9307673                    /home/marin/.m2/repository/org/springframework/boot/spring-boot-starter-data-jpa/2.0.3.RELEASE/spring-boot-starter-data-jpa-2.0.3.RELEASE.jar
7f96c8869000-7f96c886b000 r--s 00004000 08:07 9307667                    /home/marin/.m2/repository/org/springframework/spring-jcl/5.0.7.RELEASE/spring-jcl-5.0.7.RELEASE.jar
7f96c886b000-7f96c8883000 r--s 00114000 08:07 9307665                    /home/marin/.m2/repository/org/springframework/spring-core/5.0.7.RELEASE/spring-core-5.0.7.RELEASE.jar
7f96c8883000-7f96c8885000 r--s 0000f000 08:07 9307629                    /home/marin/.m2/repository/commons-fileupload/commons-fileupload/1.3/commons-fileupload-1.3.jar
7f96c8885000-7f96c8889000 r--s 00027000 08:07 9307627                    /home/marin/.m2/repository/commons-io/commons-io/2.2/commons-io-2.2.jar
7f96c8889000-7f96c889d000 r--s 0013a000 08:07 9307413                    /home/marin/.m2/repository/org/primefaces/themes/all-themes/1.0.10/all-themes-1.0.10.jar
7f96c889d000-7f96c88cc000 r--s 003e4000 08:07 9307625                    /home/marin/.m2/repository/org/primefaces/primefaces/6.2/primefaces-6.2.jar
7f96c88cc000-7f96c88e9000 r--s 00230000 08:07 9307623                    /home/marin/.m2/repository/com/sun/faces/jsf-impl/2.2.10/jsf-impl-2.2.10.jar
7f96c88e9000-7f96c88f6000 r--s 0009d000 08:07 9307621                    /home/marin/.m2/repository/com/sun/faces/jsf-api/2.2.10/jsf-api-2.2.10.jar
7f96c88f6000-7f96c8900000 r--s 0005c000 08:07 9307619                    /home/marin/.m2/repository/javax/servlet/jstl/1.2/jstl-1.2.jar
7f96c8900000-7f96c8913000 r--s 00244000 08:07 9307617                    /home/marin/.m2/repository/org/eclipse/jdt/ecj/3.12.3/ecj-3.12.3.jar
7f96c8913000-7f96c8917000 r--s 00037000 08:07 9307615                    /home/marin/.m2/repository/org/apache/tomcat/embed/tomcat-embed-el/8.5.31/tomcat-embed-el-8.5.31.jar
7f96c8917000-7f96c8920000 r--s 00095000 08:07 9307613                    /home/marin/.m2/repository/org/apache/tomcat/embed/tomcat-embed-jasper/8.5.31/tomcat-embed-jasper-8.5.31.jar
7f96c8920000-7f96c8921000 r--s 0000b000 08:07 9307611                    /home/marin/.m2/repository/org/apache/tomcat/embed/tomcat-embed-logging-juli/8.0.53/tomcat-embed-logging-juli-8.0.53.jar
7f96c8921000-7f96c8923000 r--s 00002000 08:07 9307609                    /home/marin/.m2/repository/org/apache/tomcat/tomcat-annotations-api/8.5.31/tomcat-annotations-api-8.5.31.jar
7f96c8923000-7f96c894c000 r--s 002d0000 08:07 9307607                    /home/marin/.m2/repository/org/apache/tomcat/embed/tomcat-embed-core/8.5.31/tomcat-embed-core-8.5.31.jar
7f96c894c000-7f96c895b000 r--s 000b2000 08:07 9307599                    /home/marin/.m2/repository/org/springframework/spring-webmvc/5.0.7.RELEASE/spring-webmvc-5.0.7.RELEASE.jar
7f96c895b000-7f96c8975000 r--s 00119000 08:07 9307564                    /home/marin/.m2/repository/org/springframework/spring-web/5.0.7.RELEASE/spring-web-5.0.7.RELEASE.jar
7f96c8975000-7f96c897a000 r--s 00012000 08:07 9307558                    /home/marin/.m2/repository/javax/validation/validation-api/2.0.1.Final/validation-api-2.0.1.Final.jar
7f96c897a000-7f96c8996000 r--s 000f9000 08:07 9307556                    /home/marin/.m2/repository/org/hibernate/validator/hibernate-validator/6.0.10.Final/hibernate-validator-6.0.10.Final.jar
7f96c8996000-7f96c899b000 r--s 0003a000 08:07 9307554                    /home/marin/.m2/repository/org/apache/tomcat/embed/tomcat-embed-websocket/8.5.31/tomcat-embed-websocket-8.5.31.jar
7f96c899b000-7f96c899d000 r--s 00001000 08:07 9307550                    /home/marin/.m2/repository/com/fasterxml/jackson/module/jackson-module-parameter-names/2.9.6/jackson-module-parameter-names-2.9.6.jar
7f96c899d000-7f96c89a0000 r--s 00016000 08:07 9307548                    /home/marin/.m2/repository/com/fasterxml/jackson/datatype/jackson-datatype-jsr310/2.9.6/jackson-datatype-jsr310-2.9.6.jar
7f96c89a0000-7f96c89a2000 r--s 00007000 08:07 9307546                    /home/marin/.m2/repository/com/fasterxml/jackson/datatype/jackson-datatype-jdk8/2.9.6/jackson-datatype-jdk8-2.9.6.jar
7f96c89a2000-7f96c89a7000 r--s 0004b000 08:07 9307544                    /home/marin/.m2/repository/com/fasterxml/jackson/core/jackson-core/2.9.6/jackson-core-2.9.6.jar
7f96c89a7000-7f96c89aa000 r--s 0000e000 08:07 9307542                    /home/marin/.m2/repository/com/fasterxml/jackson/core/jackson-annotations/2.9.0/jackson-annotations-2.9.0.jar
7f96c89aa000-7f96c89bd000 r--s 00137000 08:07 9307540                    /home/marin/.m2/repository/com/fasterxml/jackson/core/jackson-databind/2.9.6/jackson-databind-2.9.6.jar
7f96c89bd000-7f96c89c4000 r--s 00042000 08:07 9307536                    /home/marin/.m2/repository/org/yaml/snakeyaml/1.19/snakeyaml-1.19.jar
7f96c89c4000-7f96c89ca000 r--s 00039000 08:07 9307530                    /home/marin/.m2/repository/org/apache/logging/log4j/log4j-api/2.10.0/log4j-api-2.10.0.jar
7f96c89ca000-7f96c89dc000 r-xp 00000000 08:06 9181220                    /usr/lib/jvm/java-8-openjdk-amd64/jre/lib/amd64/libnio.so
7f96c89dc000-7f96c8bdb000 ---p 00012000 08:06 9181220                    /usr/lib/jvm/java-8-openjdk-amd64/jre/lib/amd64/libnio.so
7f96c8bdb000-7f96c8bdc000 r--p 00011000 08:06 9181220                    /usr/lib/jvm/java-8-openjdk-amd64/jre/lib/amd64/libnio.so
7f96c8bdc000-7f96c8bdd000 rw-p 00012000 08:06 9181220                    /usr/lib/jvm/java-8-openjdk-amd64/jre/lib/amd64/libnio.so
7f96c8bdd000-7f96cbbde000 rw-p 00000000 00:00 0 
7f96cbbde000-7f96cbbf5000 r-xp 00000000 08:06 9181219                    /usr/lib/jvm/java-8-openjdk-amd64/jre/lib/amd64/libnet.so
7f96cbbf5000-7f96cbdf4000 ---p 00017000 08:06 9181219                    /usr/lib/jvm/java-8-openjdk-amd64/jre/lib/amd64/libnet.so
7f96cbdf4000-7f96cbdf5000 r--p 00016000 08:06 9181219                    /usr/lib/jvm/java-8-openjdk-amd64/jre/lib/amd64/libnet.so
7f96cbdf5000-7f96cbdf6000 rw-p 00017000 08:06 9181219                    /usr/lib/jvm/java-8-openjdk-amd64/jre/lib/amd64/libnet.so
7f96cbdf6000-7f96cbdff000 r-xp 00000000 08:06 9181217                    /usr/lib/jvm/java-8-openjdk-amd64/jre/lib/amd64/libmanagement.so
7f96cbdff000-7f96cbffe000 ---p 00009000 08:06 9181217                    /usr/lib/jvm/java-8-openjdk-amd64/jre/lib/amd64/libmanagement.so
7f96cbffe000-7f96cbfff000 r--p 00008000 08:06 9181217                    /usr/lib/jvm/java-8-openjdk-amd64/jre/lib/amd64/libmanagement.so
7f96cbfff000-7f96cc000000 rw-p 00009000 08:06 9181217                    /usr/lib/jvm/java-8-openjdk-amd64/jre/lib/amd64/libmanagement.so
7f96cc000000-7f96cc021000 rw-p 00000000 00:00 0 
7f96cc021000-7f96d0000000 ---p 00000000 00:00 0 
7f96d0000000-7f96d0618000 rw-p 00000000 00:00 0 
7f96d0618000-7f96d4000000 ---p 00000000 00:00 0 
7f96d4000000-7f96d4021000 rw-p 00000000 00:00 0 
7f96d4021000-7f96d8000000 ---p 00000000 00:00 0 
7f96d8000000-7f96d804e000 rw-p 00000000 00:00 0 
7f96d804e000-7f96dc000000 ---p 00000000 00:00 0 
7f96dc000000-7f96dc021000 rw-p 00000000 00:00 0 
7f96dc021000-7f96e0000000 ---p 00000000 00:00 0 
7f96e0000000-7f96e0021000 rw-p 00000000 00:00 0 
7f96e0021000-7f96e4000000 ---p 00000000 00:00 0 
7f96e4000000-7f96e4021000 rw-p 00000000 00:00 0 
7f96e4021000-7f96e8000000 ---p 00000000 00:00 0 
7f96e8000000-7f96e803b000 rw-p 00000000 00:00 0 
7f96e803b000-7f96ec000000 ---p 00000000 00:00 0 
7f96ec000000-7f96ec021000 rw-p 00000000 00:00 0 
7f96ec021000-7f96f0000000 ---p 00000000 00:00 0 
7f96f0000000-7f96f0021000 rw-p 00000000 00:00 0 
7f96f0021000-7f96f4000000 ---p 00000000 00:00 0 
7f96f4000000-7f96f4021000 rw-p 00000000 00:00 0 
7f96f4021000-7f96f8000000 ---p 00000000 00:00 0 
7f96f8000000-7f96f8001000 r--s 00000000 08:07 9307552                    /home/marin/.m2/repository/org/springframework/boot/spring-boot-starter-tomcat/2.0.3.RELEASE/spring-boot-starter-tomcat-2.0.3.RELEASE.jar
7f96f8001000-7f96f8003000 r--s 00005000 08:07 9307534                    /home/marin/.m2/repository/javax/annotation/javax.annotation-api/1.3.2/javax.annotation-api-1.3.2.jar
7f96f8003000-7f96f8005000 r--s 00000000 08:07 9307532                    /home/marin/.m2/repository/org/slf4j/jul-to-slf4j/1.7.25/jul-to-slf4j-1.7.25.jar
7f96f8005000-7f96f8010000 r--s 00069000 08:07 9307526                    /home/marin/.m2/repository/ch/qos/logback/logback-core/1.2.3/logback-core-1.2.3.jar
7f96f8010000-7f96f8016000 r--s 00041000 08:07 9307524                    /home/marin/.m2/repository/ch/qos/logback/logback-classic/1.2.3/logback-classic-1.2.3.jar
7f96f8016000-7f96f8036000 r--s 000fc000 08:07 9307520                    /home/marin/.m2/repository/org/springframework/boot/spring-boot-autoconfigure/2.0.3.RELEASE/spring-boot-autoconfigure-2.0.3.RELEASE.jar
7f96f8036000-7f96f804b000 r--s 000cf000 08:07 9307518                    /home/marin/.m2/repository/org/springframework/boot/spring-boot/2.0.3.RELEASE/spring-boot-2.0.3.RELEASE.jar
7f96f804b000-7f96f8066000 r--s 001d6000 08:06 9962895                    /usr/lib/jvm/java-8-openjdk-amd64/jre/lib/ext/nashorn.jar
7f96f8066000-7f96f8081000 r--s 00394000 08:06 9961594                    /usr/lib/jvm/java-8-openjdk-amd64/jre/lib/ext/cldrdata.jar
7f96f8081000-7f96f808b000 r--s 00116000 08:06 9962894                    /usr/lib/jvm/java-8-openjdk-amd64/jre/lib/ext/localedata.jar
7f96f808b000-7f96f8122000 r--s 007cb000 08:06 12454563                   /usr/share/java/openjfx/jre/lib/ext/jfxrt.jar
7f96f8122000-7f96f8125000 ---p 00000000 00:00 0 
7f96f8125000-7f96f8223000 rw-p 00000000 00:00 0 
7f96f8223000-7f96f8224000 ---p 00000000 00:00 0 
7f96f8224000-7f96f8227000 ---p 00000000 00:00 0 
7f96f8227000-7f96f8324000 rw-p 00000000 00:00 0 
7f96f8324000-7f96f8325000 ---p 00000000 00:00 0 
7f96f8325000-7f96f8328000 ---p 00000000 00:00 0 
7f96f8328000-7f96f8425000 rw-p 00000000 00:00 0 
7f96f8425000-7f96f8426000 ---p 00000000 00:00 0 
7f96f8426000-7f96f8429000 ---p 00000000 00:00 0 
7f96f8429000-7f96f8526000 rw-p 00000000 00:00 0 
7f96f8526000-7f96f8529000 ---p 00000000 00:00 0 
7f96f8529000-7f96f8627000 rw-p 00000000 00:00 0 
7f96f8627000-7f96f8a36000 r--p 00000000 08:06 8132917                    /usr/lib/locale/locale-archive
7f96f8a36000-7f96f8a39000 ---p 00000000 00:00 0 
7f96f8a39000-7f96f8b37000 rw-p 00000000 00:00 0 
7f96f8b37000-7f96f8b3a000 ---p 00000000 00:00 0 
7f96f8b3a000-7f96f8c38000 rw-p 00000000 00:00 0 
7f96f8c38000-7f96f8c39000 ---p 00000000 00:00 0 
7f96f8c39000-7f96f9c8a000 rw-p 00000000 00:00 0 
7f96f9c8a000-7f96f9e59000 r--s 03c33000 08:06 9048357                    /usr/lib/jvm/java-8-openjdk-amd64/jre/lib/rt.jar
7f96f9e59000-7f96fc6f4000 rw-p 00000000 00:00 0 
7f96fc6f4000-7f96fc6f5000 ---p 00000000 00:00 0 
7f96fc6f5000-7f96fc7f5000 rw-p 00000000 00:00 0 
7f96fc7f5000-7f96fc7f6000 ---p 00000000 00:00 0 
7f96fc7f6000-7f96fc8f6000 rw-p 00000000 00:00 0 
7f96fc8f6000-7f96fc8f7000 ---p 00000000 00:00 0 
7f96fc8f7000-7f96fc9f7000 rw-p 00000000 00:00 0 
7f96fc9f7000-7f96fc9f8000 ---p 00000000 00:00 0 
7f96fc9f8000-7f96fcb1c000 rw-p 00000000 00:00 0 
7f96fcb1c000-7f96fcc40000 ---p 00000000 00:00 0 
7f96fcc40000-7f96fcc61000 rw-p 00000000 00:00 0 
7f96fcc61000-7f96fd000000 ---p 00000000 00:00 0 
7f96fd000000-7f96fd810000 rwxp 00000000 00:00 0 
7f96fd810000-7f970c000000 ---p 00000000 00:00 0 
7f970c000000-7f970cf33000 rw-p 00000000 00:00 0 
7f970cf33000-7f9710000000 ---p 00000000 00:00 0 
7f9710000000-7f9710002000 r--s 00003000 08:07 9307528                    /home/marin/.m2/repository/org/apache/logging/log4j/log4j-to-slf4j/2.10.0/log4j-to-slf4j-2.10.0.jar
7f9710002000-7f971010b000 rw-p 00000000 00:00 0 
7f971010b000-7f971022e000 ---p 00000000 00:00 0 
7f971022e000-7f9710281000 rw-p 00000000 00:00 0 
7f9710281000-7f97102d2000 ---p 00000000 00:00 0 
7f97102d2000-7f97102d3000 rw-p 00000000 00:00 0 
7f97102d3000-7f97102db000 r-xp 00000000 08:06 9181227                    /usr/lib/jvm/java-8-openjdk-amd64/jre/lib/amd64/libzip.so
7f97102db000-7f97104da000 ---p 00008000 08:06 9181227                    /usr/lib/jvm/java-8-openjdk-amd64/jre/lib/amd64/libzip.so
7f97104da000-7f97104db000 r--p 00007000 08:06 9181227                    /usr/lib/jvm/java-8-openjdk-amd64/jre/lib/amd64/libzip.so
7f97104db000-7f97104dc000 rw-p 00008000 08:06 9181227                    /usr/lib/jvm/java-8-openjdk-amd64/jre/lib/amd64/libzip.so
7f97104dc000-7f97104e7000 r-xp 00000000 08:06 4592351                    /lib/x86_64-linux-gnu/libnss_files-2.27.so
7f97104e7000-7f97106e6000 ---p 0000b000 08:06 4592351                    /lib/x86_64-linux-gnu/libnss_files-2.27.so
7f97106e6000-7f97106e7000 r--p 0000a000 08:06 4592351                    /lib/x86_64-linux-gnu/libnss_files-2.27.so
7f97106e7000-7f97106e8000 rw-p 0000b000 08:06 4592351                    /lib/x86_64-linux-gnu/libnss_files-2.27.so
7f97106e8000-7f97106ee000 rw-p 00000000 00:00 0 
7f97106ee000-7f9710705000 r-xp 00000000 08:06 4592345                    /lib/x86_64-linux-gnu/libnsl-2.27.so
7f9710705000-7f9710904000 ---p 00017000 08:06 4592345                    /lib/x86_64-linux-gnu/libnsl-2.27.so
7f9710904000-7f9710905000 r--p 00016000 08:06 4592345                    /lib/x86_64-linux-gnu/libnsl-2.27.so
7f9710905000-7f9710906000 rw-p 00017000 08:06 4592345                    /lib/x86_64-linux-gnu/libnsl-2.27.so
7f9710906000-7f9710908000 rw-p 00000000 00:00 0 
7f9710908000-7f9710913000 r-xp 00000000 08:06 4592362                    /lib/x86_64-linux-gnu/libnss_nis-2.27.so
7f9710913000-7f9710b12000 ---p 0000b000 08:06 4592362                    /lib/x86_64-linux-gnu/libnss_nis-2.27.so
7f9710b12000-7f9710b13000 r--p 0000a000 08:06 4592362                    /lib/x86_64-linux-gnu/libnss_nis-2.27.so
7f9710b13000-7f9710b14000 rw-p 0000b000 08:06 4592362                    /lib/x86_64-linux-gnu/libnss_nis-2.27.so
7f9710b14000-7f9710b1c000 r-xp 00000000 08:06 4592347                    /lib/x86_64-linux-gnu/libnss_compat-2.27.so
7f9710b1c000-7f9710d1c000 ---p 00008000 08:06 4592347                    /lib/x86_64-linux-gnu/libnss_compat-2.27.so
7f9710d1c000-7f9710d1d000 r--p 00008000 08:06 4592347                    /lib/x86_64-linux-gnu/libnss_compat-2.27.so
7f9710d1d000-7f9710d1e000 rw-p 00009000 08:06 4592347                    /lib/x86_64-linux-gnu/libnss_compat-2.27.so
7f9710d1e000-7f9710d4c000 r-xp 00000000 08:06 9176571                    /usr/lib/jvm/java-8-openjdk-amd64/jre/lib/amd64/libjava.so
7f9710d4c000-7f9710f4b000 ---p 0002e000 08:06 9176571                    /usr/lib/jvm/java-8-openjdk-amd64/jre/lib/amd64/libjava.so
7f9710f4b000-7f9710f4c000 r--p 0002d000 08:06 9176571                    /usr/lib/jvm/java-8-openjdk-amd64/jre/lib/amd64/libjava.so
7f9710f4c000-7f9710f4e000 rw-p 0002e000 08:06 9176571                    /usr/lib/jvm/java-8-openjdk-amd64/jre/lib/amd64/libjava.so
7f9710f4e000-7f9710f5e000 r-xp 00000000 08:06 9181226                    /usr/lib/jvm/java-8-openjdk-amd64/jre/lib/amd64/libverify.so
7f9710f5e000-7f971115d000 ---p 00010000 08:06 9181226                    /usr/lib/jvm/java-8-openjdk-amd64/jre/lib/amd64/libverify.so
7f971115d000-7f971115f000 r--p 0000f000 08:06 9181226                    /usr/lib/jvm/java-8-openjdk-amd64/jre/lib/amd64/libverify.so
7f971115f000-7f9711160000 rw-p 00011000 08:06 9181226                    /usr/lib/jvm/java-8-openjdk-amd64/jre/lib/amd64/libverify.so
7f9711160000-7f9711167000 r-xp 00000000 08:06 4592402                    /lib/x86_64-linux-gnu/librt-2.27.so
7f9711167000-7f9711366000 ---p 00007000 08:06 4592402                    /lib/x86_64-linux-gnu/librt-2.27.so
7f9711366000-7f9711367000 r--p 00006000 08:06 4592402                    /lib/x86_64-linux-gnu/librt-2.27.so
7f9711367000-7f9711368000 rw-p 00007000 08:06 4592402                    /lib/x86_64-linux-gnu/librt-2.27.so
7f9711368000-7f971137f000 r-xp 00000000 08:06 4589234                    /lib/x86_64-linux-gnu/libgcc_s.so.1
7f971137f000-7f971157e000 ---p 00017000 08:06 4589234                    /lib/x86_64-linux-gnu/libgcc_s.so.1
7f971157e000-7f971157f000 r--p 00016000 08:06 4589234                    /lib/x86_64-linux-gnu/libgcc_s.so.1
7f971157f000-7f9711580000 rw-p 00017000 08:06 4589234                    /lib/x86_64-linux-gnu/libgcc_s.so.1
7f9711580000-7f971171d000 r-xp 00000000 08:06 4592324                    /lib/x86_64-linux-gnu/libm-2.27.so
7f971171d000-7f971191c000 ---p 0019d000 08:06 4592324                    /lib/x86_64-linux-gnu/libm-2.27.so
7f971191c000-7f971191d000 r--p 0019c000 08:06 4592324                    /lib/x86_64-linux-gnu/libm-2.27.so
7f971191d000-7f971191e000 rw-p 0019d000 08:06 4592324                    /lib/x86_64-linux-gnu/libm-2.27.so
7f971191e000-7f9711a97000 r-xp 00000000 08:06 8126682                    /usr/lib/x86_64-linux-gnu/libstdc++.so.6.0.25
7f9711a97000-7f9711c97000 ---p 00179000 08:06 8126682                    /usr/lib/x86_64-linux-gnu/libstdc++.so.6.0.25
7f9711c97000-7f9711ca1000 r--p 00179000 08:06 8126682                    /usr/lib/x86_64-linux-gnu/libstdc++.so.6.0.25
7f9711ca1000-7f9711ca3000 rw-p 00183000 08:06 8126682                    /usr/lib/x86_64-linux-gnu/libstdc++.so.6.0.25
7f9711ca3000-7f9711ca7000 rw-p 00000000 00:00 0 
7f9711ca7000-7f9712941000 r-xp 00000000 08:06 9570352                    /usr/lib/jvm/java-8-openjdk-amd64/jre/lib/amd64/server/libjvm.so
7f9712941000-7f9712b40000 ---p 00c9a000 08:06 9570352                    /usr/lib/jvm/java-8-openjdk-amd64/jre/lib/amd64/server/libjvm.so
7f9712b40000-7f9712bd4000 r--p 00c99000 08:06 9570352                    /usr/lib/jvm/java-8-openjdk-amd64/jre/lib/amd64/server/libjvm.so
7f9712bd4000-7f9712bfd000 rw-p 00d2d000 08:06 9570352                    /usr/lib/jvm/java-8-openjdk-amd64/jre/lib/amd64/server/libjvm.so
7f9712bfd000-7f9712c2d000 rw-p 00000000 00:00 0 
7f9712c2d000-7f9712c47000 r-xp 00000000 08:06 4592394                    /lib/x86_64-linux-gnu/libpthread-2.27.so
7f9712c47000-7f9712e46000 ---p 0001a000 08:06 4592394                    /lib/x86_64-linux-gnu/libpthread-2.27.so
7f9712e46000-7f9712e47000 r--p 00019000 08:06 4592394                    /lib/x86_64-linux-gnu/libpthread-2.27.so
7f9712e47000-7f9712e48000 rw-p 0001a000 08:06 4592394                    /lib/x86_64-linux-gnu/libpthread-2.27.so
7f9712e48000-7f9712e4c000 rw-p 00000000 00:00 0 
7f9712e4c000-7f9712e4f000 r-xp 00000000 08:06 4592284                    /lib/x86_64-linux-gnu/libdl-2.27.so
7f9712e4f000-7f971304e000 ---p 00003000 08:06 4592284                    /lib/x86_64-linux-gnu/libdl-2.27.so
7f971304e000-7f971304f000 r--p 00002000 08:06 4592284                    /lib/x86_64-linux-gnu/libdl-2.27.so
7f971304f000-7f9713050000 rw-p 00003000 08:06 4592284                    /lib/x86_64-linux-gnu/libdl-2.27.so
7f9713050000-7f971306c000 r-xp 00000000 08:06 4592435                    /lib/x86_64-linux-gnu/libz.so.1.2.11
7f971306c000-7f971326b000 ---p 0001c000 08:06 4592435                    /lib/x86_64-linux-gnu/libz.so.1.2.11
7f971326b000-7f971326c000 r--p 0001b000 08:06 4592435                    /lib/x86_64-linux-gnu/libz.so.1.2.11
7f971326c000-7f971326d000 rw-p 0001c000 08:06 4592435                    /lib/x86_64-linux-gnu/libz.so.1.2.11
7f971326d000-7f9713454000 r-xp 00000000 08:06 4592261                    /lib/x86_64-linux-gnu/libc-2.27.so
7f9713454000-7f9713654000 ---p 001e7000 08:06 4592261                    /lib/x86_64-linux-gnu/libc-2.27.so
7f9713654000-7f9713658000 r--p 001e7000 08:06 4592261                    /lib/x86_64-linux-gnu/libc-2.27.so
7f9713658000-7f971365a000 rw-p 001eb000 08:06 4592261                    /lib/x86_64-linux-gnu/libc-2.27.so
7f971365a000-7f971365e000 rw-p 00000000 00:00 0 
7f971365e000-7f971366c000 r-xp 00000000 08:06 9446736                    /usr/lib/jvm/java-8-openjdk-amd64/jre/lib/amd64/jli/libjli.so
7f971366c000-7f971386b000 ---p 0000e000 08:06 9446736                    /usr/lib/jvm/java-8-openjdk-amd64/jre/lib/amd64/jli/libjli.so
7f971386b000-7f971386c000 r--p 0000d000 08:06 9446736                    /usr/lib/jvm/java-8-openjdk-amd64/jre/lib/amd64/jli/libjli.so
7f971386c000-7f971386d000 rw-p 0000e000 08:06 9446736                    /usr/lib/jvm/java-8-openjdk-amd64/jre/lib/amd64/jli/libjli.so
7f971386d000-7f9713894000 r-xp 00000000 08:06 4592233                    /lib/x86_64-linux-gnu/ld-2.27.so
7f9713894000-7f9713895000 r--s 00000000 08:07 9307538                    /home/marin/.m2/repository/org/springframework/boot/spring-boot-starter-json/2.0.3.RELEASE/spring-boot-starter-json-2.0.3.RELEASE.jar
7f9713895000-7f9713896000 r--s 00000000 08:07 9307522                    /home/marin/.m2/repository/org/springframework/boot/spring-boot-starter-logging/2.0.3.RELEASE/spring-boot-starter-logging-2.0.3.RELEASE.jar
7f9713896000-7f9713899000 r--s 0000f000 08:06 9961597                    /usr/lib/jvm/java-8-openjdk-amd64/jre/lib/ext/icedtea-sound.jar
7f9713899000-7f9713972000 rw-p 00000000 00:00 0 
7f9713972000-7f9713973000 ---p 00000000 00:00 0 
7f9713973000-7f9713976000 ---p 00000000 00:00 0 
7f9713976000-7f9713a75000 rw-p 00000000 00:00 0 
7f9713a75000-7f9713a76000 r--s 00000000 08:07 9307516                    /home/marin/.m2/repository/org/springframework/boot/spring-boot-starter/2.0.3.RELEASE/spring-boot-starter-2.0.3.RELEASE.jar
7f9713a76000-7f9713a77000 r--s 00000000 08:07 9307514                    /home/marin/.m2/repository/org/springframework/boot/spring-boot-starter-web/2.0.3.RELEASE/spring-boot-starter-web-2.0.3.RELEASE.jar
7f9713a77000-7f9713a79000 r--s 00008000 08:06 9962896                    /usr/lib/jvm/java-8-openjdk-amd64/jre/lib/ext/sunec.jar
7f9713a79000-7f9713a7b000 r--s 00007000 08:06 8653593                    /usr/share/java/java-atk-wrapper.jar
7f9713a7b000-7f9713a7c000 r--s 0000a000 08:06 9961698                    /usr/lib/jvm/java-8-openjdk-amd64/jre/lib/ext/jaccess.jar
7f9713a7c000-7f9713a7d000 r--s 00010000 08:06 9962899                    /usr/lib/jvm/java-8-openjdk-amd64/jre/lib/ext/zipfs.jar
7f9713a7d000-7f9713a83000 r--s 0003b000 08:06 9962897                    /usr/lib/jvm/java-8-openjdk-amd64/jre/lib/ext/sunjce_provider.jar
7f9713a83000-7f9713a85000 r--s 00001000 08:06 9961596                    /usr/lib/jvm/java-8-openjdk-amd64/jre/lib/ext/dnsns.jar
7f9713a85000-7f9713a88000 r--s 00038000 08:06 9962898                    /usr/lib/jvm/java-8-openjdk-amd64/jre/lib/ext/sunpkcs11.jar
7f9713a88000-7f9713a90000 rw-s 00000000 08:06 13893668                   /tmp/hsperfdata_marin/3811
7f9713a90000-7f9713a91000 rw-p 00000000 00:00 0 
7f9713a91000-7f9713a92000 ---p 00000000 00:00 0 
7f9713a92000-7f9713a94000 rw-p 00000000 00:00 0 
7f9713a94000-7f9713a95000 r--p 00027000 08:06 4592233                    /lib/x86_64-linux-gnu/ld-2.27.so
7f9713a95000-7f9713a96000 rw-p 00028000 08:06 4592233                    /lib/x86_64-linux-gnu/ld-2.27.so
7f9713a96000-7f9713a97000 rw-p 00000000 00:00 0 
7ffc02da5000-7ffc02dc8000 rw-p 00000000 00:00 0                          [stack]
7ffc02df7000-7ffc02dfa000 r--p 00000000 00:00 0                          [vvar]
7ffc02dfa000-7ffc02dfc000 r-xp 00000000 00:00 0                          [vdso]
ffffffffff600000-ffffffffff601000 r-xp 00000000 00:00 0                  [vsyscall]

VM Arguments:
jvm_args: -Dcom.sun.management.jmxremote -Dcom.sun.management.jmxremote.port=11275 -Dcom.sun.management.jmxremote.authenticate=false -Dcom.sun.management.jmxremote.ssl=false -Djava.rmi.server.hostname=localhost -Dspring.liveBeansView.mbeanDomain -Dspring.application.admin.enabled=true -Djava.security.egd=file:/dev/./urandom -Xverify:none -XX:TieredStopAtLevel=1 -Dfile.encoding=UTF-8 
java_command: net.marin.proyectodam.Application
java_class_path (initial): /usr/lib/jvm/java-8-openjdk-amd64/jre/lib/resources.jar:/usr/lib/jvm/java-8-openjdk-amd64/jre/lib/rt.jar:/usr/lib/jvm/java-8-openjdk-amd64/jre/lib/jsse.jar:/usr/lib/jvm/java-8-openjdk-amd64/jre/lib/jce.jar:/usr/lib/jvm/java-8-openjdk-amd64/jre/lib/charsets.jar:/usr/lib/jvm/java-8-openjdk-amd64/jre/lib/ext/sunpkcs11.jar:/usr/lib/jvm/java-8-openjdk-amd64/jre/lib/ext/dnsns.jar:/usr/lib/jvm/java-8-openjdk-amd64/jre/lib/ext/sunjce_provider.jar:/usr/lib/jvm/java-8-openjdk-amd64/jre/lib/ext/zipfs.jar:/usr/lib/jvm/java-8-openjdk-amd64/jre/lib/ext/jaccess.jar:/usr/lib/jvm/java-8-openjdk-amd64/jre/lib/ext/jfxrt.jar:/usr/lib/jvm/java-8-openjdk-amd64/jre/lib/ext/localedata.jar:/usr/lib/jvm/java-8-openjdk-amd64/jre/lib/ext/cldrdata.jar:/usr/lib/jvm/java-8-openjdk-amd64/jre/lib/ext/nashorn.jar:/usr/lib/jvm/java-8-openjdk-amd64/jre/lib/ext/java-atk-wrapper.jar:/usr/lib/jvm/java-8-openjdk-amd64/jre/lib/ext/sunec.jar:/usr/lib/jvm/java-8-openjdk-amd64/jre/lib/ext/icedtea-sound.jar:/home/marin/git/DAM_REPO/ProyectoFinalDAM/target/classes:/home/marin/.m2/repository/org/springframework/boot/spring-boot-starter-web/2.0.3.RELEASE/spring-boot-starter-web-2.0.3.RELEASE.jar:/home/marin/.m2/repository/org/springframework/boot/spring-boot-starter/2.0.3.RELEASE/spring-boot-starter-2.0.3.RELEASE.jar:/home/marin/.m2/repository/org/springframework/boot/spring-boot/2.0.3.RELEASE/spring-boot-2.0.3.RELEASE.jar:/home/marin/.m2/repository/org/springframework/boot/spring-boot-autoconfigure/2.0.3.RELEASE/spring-boot-autoconfigure-2.0.3.RELEASE.jar:/home/marin/.m2/repository/org/springframework/boot/spring-boot-starter-logging/2.0.3.RELEASE/spring-boot-starter-logging-2.0.3.RELEASE.jar:/home/marin/.m2/repository/ch/qos/logback/logback-classic/1.2.3/logback-classic-1.2.3.jar:/home/marin/.m2/repository/ch/qos/logback/logback-core/1.2.3/logback-core-1.2.3.jar:/home/marin/.m2/repository/org/apache/logging/log4j/log4j-to-slf4j/2.10.0/log4j-to-slf4j-2.10.0.jar:/home/marin/.m2/reposi
Launcher Type: SUN_STANDARD

Environment Variables:
PATH=/usr/local/sbin:/usr/local/bin:/usr/sbin:/usr/bin:/sbin:/bin:/usr/games:/usr/local/games
SHELL=/bin/bash
DISPLAY=:0

Signal Handlers:
SIGSEGV: [libjvm.so+0xab2e60], sa_mask[0]=11111111011111111101111111111110, sa_flags=SA_RESTART|SA_SIGINFO
SIGBUS: [libjvm.so+0xab2e60], sa_mask[0]=11111111011111111101111111111110, sa_flags=SA_RESTART|SA_SIGINFO
SIGFPE: [libjvm.so+0x8e8860], sa_mask[0]=11111111011111111101111111111110, sa_flags=SA_RESTART|SA_SIGINFO
SIGPIPE: [libjvm.so+0x8e8860], sa_mask[0]=11111111011111111101111111111110, sa_flags=SA_RESTART|SA_SIGINFO
SIGXFSZ: [libjvm.so+0x8e8860], sa_mask[0]=11111111011111111101111111111110, sa_flags=SA_RESTART|SA_SIGINFO
SIGILL: [libjvm.so+0x8e8860], sa_mask[0]=11111111011111111101111111111110, sa_flags=SA_RESTART|SA_SIGINFO
SIGUSR1: SIG_DFL, sa_mask[0]=00000000000000000000000000000000, sa_flags=none
SIGUSR2: [libjvm.so+0x8e8710], sa_mask[0]=00100000000000000000000000000000, sa_flags=SA_RESTART|SA_SIGINFO
SIGHUP: [libjvm.so+0x8e8d80], sa_mask[0]=11111111011111111101111111111110, sa_flags=SA_RESTART|SA_SIGINFO
SIGINT: [libjvm.so+0x8e8d80], sa_mask[0]=11111111011111111101111111111110, sa_flags=SA_RESTART|SA_SIGINFO
SIGTERM: [libjvm.so+0x8e8d80], sa_mask[0]=11111111011111111101111111111110, sa_flags=SA_RESTART|SA_SIGINFO
SIGQUIT: [libjvm.so+0x8e8d80], sa_mask[0]=11111111011111111101111111111110, sa_flags=SA_RESTART|SA_SIGINFO


---------------  S Y S T E M  ---------------

OS:DISTRIB_ID=LinuxMint
DISTRIB_RELEASE=19
DISTRIB_CODENAME=tara
DISTRIB_DESCRIPTION="Linux Mint 19 Tara"

uname:Linux 4.15.0-39-generic #42-Ubuntu SMP Tue Oct 23 15:48:01 UTC 2018 x86_64
libc:glibc 2.27 NPTL 2.27 
rlimit: STACK 8192k, CORE 0k, NPROC 15457, NOFILE 1048576, AS infinity
load average:0,55 0,31 0,24

/proc/meminfo:
MemTotal:        4020844 kB
MemFree:          111256 kB
MemAvailable:     674960 kB
Buffers:           44084 kB
Cached:          1365028 kB
SwapCached:           36 kB
Active:          2665288 kB
Inactive:         990064 kB
Active(anon):    2300004 kB
Inactive(anon):   614460 kB
Active(file):     365284 kB
Inactive(file):   375604 kB
Unevictable:          32 kB
Mlocked:              32 kB
SwapTotal:       8441852 kB
SwapFree:        8412912 kB
Dirty:               168 kB
Writeback:             0 kB
AnonPages:       2246220 kB
Mapped:           574648 kB
Shmem:            668312 kB
Slab:             102820 kB
SReclaimable:      55640 kB
SUnreclaim:        47180 kB
KernelStack:       10736 kB
PageTables:        51968 kB
NFS_Unstable:          0 kB
Bounce:                0 kB
WritebackTmp:          0 kB
CommitLimit:    10452272 kB
Committed_AS:    6650776 kB
VmallocTotal:   34359738367 kB
VmallocUsed:           0 kB
VmallocChunk:          0 kB
HardwareCorrupted:     0 kB
AnonHugePages:      2048 kB
ShmemHugePages:        0 kB
ShmemPmdMapped:        0 kB
CmaTotal:              0 kB
CmaFree:               0 kB
HugePages_Total:       0
HugePages_Free:        0
HugePages_Rsvd:        0
HugePages_Surp:        0
Hugepagesize:       2048 kB
DirectMap4k:      211200 kB
DirectMap2M:     3964928 kB

container (cgroup) information:
container_type: cgroupv1
cpu_cpuset_cpus: 0-3
cpu_memory_nodes: 0
active_processor_count: 4
cpu_quota: -1
cpu_period: 100000
cpu_shares: -1
memory_limit_in_bytes: -1
memory_and_swap_limit_in_bytes: -2
memory_soft_limit_in_bytes: -1
memory_usage_in_bytes: 3743440896
memory_max_usage_in_bytes: 0


CPU:total 4 (initial active 4) (2 cores per cpu, 2 threads per core) family 6 model 42 stepping 7, cmov, cx8, fxsr, mmx, sse, sse2, sse3, ssse3, sse4.1, sse4.2, popcnt, avx, aes, clmul, ht, tsc, tscinvbit

/proc/cpuinfo:
processor	: 0
vendor_id	: GenuineIntel
cpu family	: 6
model		: 42
model name	: Intel(R) Core(TM) i5-2430M CPU @ 2.40GHz
stepping	: 7
microcode	: 0x2e
cpu MHz		: 2793.836
cache size	: 3072 KB
physical id	: 0
siblings	: 4
core id		: 0
cpu cores	: 2
apicid		: 0
initial apicid	: 0
fpu		: yes
fpu_exception	: yes
cpuid level	: 13
wp		: yes
flags		: fpu vme de pse tsc msr pae mce cx8 apic sep mtrr pge mca cmov pat pse36 clflush dts acpi mmx fxsr sse sse2 ss ht tm pbe syscall nx rdtscp lm constant_tsc arch_perfmon pebs bts rep_good nopl xtopology nonstop_tsc cpuid aperfmperf pni pclmulqdq dtes64 monitor ds_cpl vmx est tm2 ssse3 cx16 xtpr pdcm pcid sse4_1 sse4_2 x2apic popcnt tsc_deadline_timer aes xsave avx lahf_lm epb pti ssbd ibrs ibpb stibp tpr_shadow vnmi flexpriority ept vpid xsaveopt dtherm ida arat pln pts flush_l1d
bugs		: cpu_meltdown spectre_v1 spectre_v2 spec_store_bypass l1tf
bogomips	: 4789.43
clflush size	: 64
cache_alignment	: 64
address sizes	: 36 bits physical, 48 bits virtual
power management:

processor	: 1
vendor_id	: GenuineIntel
cpu family	: 6
model		: 42
model name	: Intel(R) Core(TM) i5-2430M CPU @ 2.40GHz
stepping	: 7
microcode	: 0x2e
cpu MHz		: 2793.817
cache size	: 3072 KB
physical id	: 0
siblings	: 4
core id		: 0
cpu cores	: 2
apicid		: 1
initial apicid	: 1
fpu		: yes
fpu_exception	: yes
cpuid level	: 13
wp		: yes
flags		: fpu vme de pse tsc msr pae mce cx8 apic sep mtrr pge mca cmov pat pse36 clflush dts acpi mmx fxsr sse sse2 ss ht tm pbe syscall nx rdtscp lm constant_tsc arch_perfmon pebs bts rep_good nopl xtopology nonstop_tsc cpuid aperfmperf pni pclmulqdq dtes64 monitor ds_cpl vmx est tm2 ssse3 cx16 xtpr pdcm pcid sse4_1 sse4_2 x2apic popcnt tsc_deadline_timer aes xsave avx lahf_lm epb pti ssbd ibrs ibpb stibp tpr_shadow vnmi flexpriority ept vpid xsaveopt dtherm ida arat pln pts flush_l1d
bugs		: cpu_meltdown spectre_v1 spectre_v2 spec_store_bypass l1tf
bogomips	: 4789.43
clflush size	: 64
cache_alignment	: 64
address sizes	: 36 bits physical, 48 bits virtual
power management:

processor	: 2
vendor_id	: GenuineIntel
cpu family	: 6
model		: 42
model name	: Intel(R) Core(TM) i5-2430M CPU @ 2.40GHz
stepping	: 7
microcode	: 0x2e
cpu MHz		: 2805.644
cache size	: 3072 KB
physical id	: 0
siblings	: 4
core id		: 1
cpu cores	: 2
apicid		: 2
initial apicid	: 2
fpu		: yes
fpu_exception	: yes
cpuid level	: 13
wp		: yes
flags		: fpu vme de pse tsc msr pae mce cx8 apic sep mtrr pge mca cmov pat pse36 clflush dts acpi mmx fxsr sse sse2 ss ht tm pbe syscall nx rdtscp lm constant_tsc arch_perfmon pebs bts rep_good nopl xtopology nonstop_tsc cpuid aperfmperf pni pclmulqdq dtes64 monitor ds_cpl vmx est tm2 ssse3 cx16 xtpr pdcm pcid sse4_1 sse4_2 x2apic popcnt tsc_deadline_timer aes xsave avx lahf_lm epb pti ssbd ibrs ibpb stibp tpr_shadow vnmi flexpriority ept vpid xsaveopt dtherm ida arat pln pts flush_l1d
bugs		: cpu_meltdown spectre_v1 spectre_v2 spec_store_bypass l1tf
bogomips	: 4789.43
clflush size	: 64
cache_alignment	: 64
address sizes	: 36 bits physical, 48 bits virtual
power management:

processor	: 3
vendor_id	: GenuineIntel
cpu family	: 6
model		: 42
model name	: Intel(R) Core(TM) i5-2430M CPU @ 2.40GHz
stepping	: 7
microcode	: 0x2e
cpu MHz		: 2805.548
cache size	: 3072 KB
physical id	: 0
siblings	: 4
core id		: 1
cpu cores	: 2
apicid		: 3
initial apicid	: 3
fpu		: yes
fpu_exception	: yes
cpuid level	: 13
wp		: yes
flags		: fpu vme de pse tsc msr pae mce cx8 apic sep mtrr pge mca cmov pat pse36 clflush dts acpi mmx fxsr sse sse2 ss ht tm pbe syscall nx rdtscp lm constant_tsc arch_perfmon pebs bts rep_good nopl xtopology nonstop_tsc cpuid aperfmperf pni pclmulqdq dtes64 monitor ds_cpl vmx est tm2 ssse3 cx16 xtpr pdcm pcid sse4_1 sse4_2 x2apic popcnt tsc_deadline_timer aes xsave avx lahf_lm epb pti ssbd ibrs ibpb stibp tpr_shadow vnmi flexpriority ept vpid xsaveopt dtherm ida arat pln pts flush_l1d
bugs		: cpu_meltdown spectre_v1 spectre_v2 spec_store_bypass l1tf
bogomips	: 4789.43
clflush size	: 64
cache_alignment	: 64
address sizes	: 36 bits physical, 48 bits virtual
power management:



Memory: 4k page, physical 4020844k(111132k free), swap 8441852k(8412912k free)

vm_info: OpenJDK 64-Bit Server VM (25.191-b12) for linux-amd64 JRE (1.8.0_191-8u191-b12-0ubuntu0.18.04.1-b12), built on Nov 20 2018 01:07:58 by "buildd" with gcc 7.3.0

time: Mon Dec  3 20:24:21 2018
elapsed time: 14 seconds (0d 0h 0m 14s)

