#
# A fatal error has been detected by the Java Runtime Environment:
#
#  SIGSEGV (0xb) at pc=0x00007fba0846bdfe, pid=14966, tid=0x00007fba05b62700
#
# JRE version: OpenJDK Runtime Environment (8.0_181-b13) (build 1.8.0_181-8u181-b13-0ubuntu0.18.04.1-b13)
# Java VM: OpenJDK 64-Bit Server VM (25.181-b13 mixed mode linux-amd64 compressed oops)
# Problematic frame:
# V  [libjvm.so+0x639dfe]
#
# Failed to write core dump. Core dumps have been disabled. To enable core dumping, try "ulimit -c unlimited" before starting Java again
#
# If you would like to submit a bug report, please visit:
#   http://bugreport.java.com/bugreport/crash.jsp
#

---------------  T H R E A D  ---------------

Current thread (0x00007fba00029000):  GCTaskThread [stack: 0x00007fba05a63000,0x00007fba05b63000] [id=14971]

siginfo: si_signo: 11 (SIGSEGV), si_code: 128 (SI_KERNEL), si_addr: 0x0000000000000000

Registers:
RAX=0x00007fb9ea150000, RBX=0x0000000000002000, RCX=0x0000000000000000, RDX=0x007fffffff9eb010
RSP=0x00007fba05b61b70, RBP=0x00007fba05b61bc0, RSI=0x0000000000000001, RDI=0x0000000100129e48
R8 =0x00007fba08d961c0, R9 =0x000000000000000c, R10=0x000000000000002c, R11=0x00007fb9ea168d98
R12=0x00007fba0007abd0, R13=0x00000000f80ef9dc, R14=0x0000000100129e40, R15=0x00000000f80ef9e0
RIP=0x00007fba0846bdfe, EFLAGS=0x0000000000010202, CSGSFS=0x002b000000000033, ERR=0x0000000000000000
  TRAPNO=0x000000000000000d

Top of Stack: (sp=0x00007fba05b61b70)
0x00007fba05b61b70:   00000000f80ef9b0 0000000100129e48
0x00007fba05b61b80:   00007fba08d961c0 0000000000000003
0x00007fba05b61b90:   00007fba0007abd0 00007fba0007abd0
0x00007fba05b61ba0:   00007fba08d9248c 00007fba00029000
0x00007fba05b61bb0:   0000000000000000 00007fba0007abd0
0x00007fba05b61bc0:   00007fba05b61ca0 00007fba0877e9ff
0x00007fba05b61bd0:   00007fba05b61c40 00007fba05b61c00
0x00007fba05b61be0:   00007fba0007abe0 00000000c2e17ea8
0x00007fba05b61bf0:   00000000c2e17ea8 0000000000000004
0x00007fba05b61c00:   00007fba05b61c70 00000000f80ef9b0
0x00007fba05b61c10:   0000000000000000 0000000000000000
0x00007fba05b61c20:   0000000000000093 00007fba0002a550
0x00007fba05b61c30:   00007fba0002a528 00007fba00000000
0x00007fba05b61c40:   00007fba05b61c60 d17485a6fe7a9100
0x00007fba05b61c50:   00007fba05b61cd0 00007fba08dac598
0x00007fba05b61c60:   00007fba08dac598 d17485a6fe7a9100
0x00007fba05b61c70:   00007fba05b61ca0 00007fba05b61cd0
0x00007fba05b61c80:   00007fba0002d570 00007fba00029000
0x00007fba05b61c90:   0000000000000000 00007fba0007abd0
0x00007fba05b61ca0:   00007fba05b61da0 00007fba08760430
0x00007fba05b61cb0:   00007fba05b61d00 00007fba086dabf9
0x00007fba05b61cc0:   00007fba0007b328 00007fba000255d0
0x00007fba05b61cd0:   00007fba08cd5740 00007fba00025500
0x00007fba05b61ce0:   00007fba0007abd0 0000000000000001
0x00007fba05b61cf0:   00007fba08cd5770 0000000100029000
0x00007fba05b61d00:   00007fba05b61cd0 00007fba0002c17c
0x00007fba05b61d10:   0000000000000001 00007fba0002c150
0x00007fba05b61d20:   00007fba05b61d60 00007fba0002c128
0x00007fba05b61d30:   00007fba000255b0 00007fba0002d570
0x00007fba05b61d40:   00007fba00025660 00007fba08722078
0x00007fba05b61d50:   00007fba00025530 0000000000000002
0x00007fba05b61d60:   00007fba05b61da0 d17485a6fe7a9100 

Instructions: (pc=0x00007fba0846bdfe)
0x00007fba0846bdde:   48 89 c8 8b 0a 48 c1 e8 03 48 d3 e8 48 89 c1 48
0x00007fba0846bdee:   89 c2 49 8b 40 30 83 e1 3f 48 c1 ea 06 48 d3 e6
0x00007fba0846bdfe:   48 85 34 d0 75 9c 48 8d 05 3e 0a 92 00 80 38 00
0x00007fba0846be0e:   0f 85 0c 02 00 00 48 8b 73 08 48 89 df 4c 89 45 

Register to memory mapping:

RAX=0x00007fb9ea150000 is an unknown value
RBX=0x0000000000002000 is an unknown value
RCX=0x0000000000000000 is an unknown value
RDX=0x007fffffff9eb010 is an unknown value
RSP=0x00007fba05b61b70 is an unknown value
RBP=0x00007fba05b61bc0 is an unknown value
RSI=0x0000000000000001 is an unknown value
RDI=0x0000000100129e48 is pointing into metadata
R8 =0x00007fba08d961c0: <offset 0xf641c0> in /usr/lib/jvm/java-8-openjdk-amd64/jre/lib/amd64/server/libjvm.so at 0x00007fba07e32000
R9 =0x000000000000000c is an unknown value
R10=0x000000000000002c is an unknown value
R11=0x00007fb9ea168d98 is an unknown value
R12=0x00007fba0007abd0 is an unknown value
R13=0x00000000f80ef9dc is an unknown value
R14=0x0000000100129e40 is pointing into metadata
R15=0x00000000f80ef9e0 is an oop
org.springframework.util.ConcurrentReferenceHashMap$SoftEntryReference 
 - klass: 'org/springframework/util/ConcurrentReferenceHashMap$SoftEntryReference'


Stack: [0x00007fba05a63000,0x00007fba05b63000],  sp=0x00007fba05b61b70,  free space=1018k
Native frames: (J=compiled Java code, j=interpreted, Vv=VM code, C=native code)
V  [libjvm.so+0x639dfe]
V  [libjvm.so+0x94c9ff]
V  [libjvm.so+0x92e430]
V  [libjvm.so+0x5bbcc6]
V  [libjvm.so+0x8e70a2]


---------------  P R O C E S S  ---------------

Java Threads: ( => current thread )
  0x00007fba00de8000 JavaThread "HikariPool-1 housekeeper" daemon [_thread_blocked, id=14997, stack(0x00007fb9b80fc000,0x00007fb9b81fd000)]
  0x00007fba00cfd000 JavaThread "Abandoned connection cleanup thread" daemon [_thread_blocked, id=14996, stack(0x00007fb9b83fd000,0x00007fb9b84fe000)]
  0x00007fba00cec800 JavaThread "container-0" [_thread_blocked, id=14995, stack(0x00007fb9b84fe000,0x00007fb9b85ff000)]
  0x00007fba00ceb800 JavaThread "ContainerBackgroundProcessor[StandardEngine[Tomcat]]" daemon [_thread_blocked, id=14994, stack(0x00007fb9e80f2000,0x00007fb9e81f3000)]
  0x00007fba006ce000 JavaThread "RMI TCP Accept-0" daemon [_thread_in_native, id=14987, stack(0x00007fb9e950e000,0x00007fb9e960f000)]
  0x00007fba006a2800 JavaThread "RMI TCP Accept-31285" daemon [_thread_in_native, id=14986, stack(0x00007fb9e960f000,0x00007fb9e9710000)]
  0x00007fba00689800 JavaThread "RMI TCP Accept-0" daemon [_thread_in_native, id=14985, stack(0x00007fb9e9710000,0x00007fb9e9811000)]
  0x00007fba000c6000 JavaThread "Service Thread" daemon [_thread_blocked, id=14980, stack(0x00007fb9f00e6000,0x00007fb9f01e7000)]
  0x00007fba000c3000 JavaThread "C1 CompilerThread2" daemon [_thread_blocked, id=14979, stack(0x00007fb9f01e8000,0x00007fb9f02e8000)]
  0x00007fba000c1000 JavaThread "C2 CompilerThread1" daemon [_thread_blocked, id=14978, stack(0x00007fb9f02e9000,0x00007fb9f03e9000)]
  0x00007fba000be000 JavaThread "C2 CompilerThread0" daemon [_thread_blocked, id=14977, stack(0x00007fb9f03ea000,0x00007fb9f04ea000)]
  0x00007fba000bc800 JavaThread "Signal Dispatcher" daemon [_thread_blocked, id=14976, stack(0x00007fb9f04ea000,0x00007fb9f05eb000)]
  0x00007fba0008a000 JavaThread "Finalizer" daemon [_thread_blocked, id=14975, stack(0x00007fb9f09fa000,0x00007fb9f0afb000)]
  0x00007fba00085800 JavaThread "Reference Handler" daemon [_thread_blocked, id=14974, stack(0x00007fb9f0afb000,0x00007fb9f0bfc000)]
  0x00007fba00010000 JavaThread "main" [_thread_blocked, id=14968, stack(0x00007fba09af9000,0x00007fba09bf9000)]

Other Threads:
  0x00007fba0007e000 VMThread [stack: 0x00007fb9f0bfd000,0x00007fb9f0cfd000] [id=14973]
  0x00007fba006d0800 WatcherThread [stack: 0x00007fb9e940e000,0x00007fb9e950e000] [id=14988]

=>0x00007fba00029000 (exited) GCTaskThread [stack: 0x00007fba05a63000,0x00007fba05b63000] [id=14971]

VM state:at safepoint (normal execution)

VM Mutex/Monitor currently owned by a thread:  ([mutex/lock_event])
[0x00007fba0000ca50] Threads_lock - owner thread: 0x00007fba0007e000
[0x00007fba0000cf50] Heap_lock - owner thread: 0x00007fba00010000

Heap:
 PSYoungGen      total 215040K, used 15645K [0x00000000eb900000, 0x00000000fc700000, 0x0000000100000000)
  eden space 196608K, 0% used [0x00000000eb900000,0x00000000eb900000,0x00000000f7900000)
  from space 18432K, 84% used [0x00000000f7900000,0x00000000f8847720,0x00000000f8b00000)
  to   space 20480K, 0% used [0x00000000fb300000,0x00000000fb300000,0x00000000fc700000)
 ParOldGen       total 76288K, used 35029K [0x00000000c2a00000, 0x00000000c7480000, 0x00000000eb900000)
  object space 76288K, 45% used [0x00000000c2a00000,0x00000000c4c357c0,0x00000000c7480000)
 Metaspace       used 56836K, capacity 59046K, committed 59160K, reserved 1099776K
  class space    used 7599K, capacity 8027K, committed 8112K, reserved 1048576K

Card table byte_map: [0x00007fba05ead000,0x00007fba06099000] byte_map_base: 0x00007fba05898000

Marking Bits: (ParMarkBitMap*) 0x00007fba08d961c0
 Begin Bits: [0x00007fb9ea150000, 0x00007fb9eb0a8000)
 End Bits:   [0x00007fb9eb0a8000, 0x00007fb9ec000000)

Polling page: 0x00007fba09c17000

CodeCache: size=245760Kb used=9628Kb max_used=9628Kb free=236131Kb
 bounds [0x00007fb9f1000000, 0x00007fb9f1970000, 0x00007fba00000000]
 total_blobs=5348 nmethods=4790 adapters=471
 compilation: enabled

Compilation events (10 events):
Event: 15,104 Thread 0x00007fba000c3000 4826       1       org.springframework.asm.ClassReader::<init> (9 bytes)
Event: 15,104 Thread 0x00007fba000c3000 nmethod 4826 0x00007fb9f19654d0 code [0x00007fb9f1965640, 0x00007fb9f1965788]
Event: 15,105 Thread 0x00007fba000c3000 4827       1       org.springframework.cglib.core.ClassEmitter::setTarget (32 bytes)
Event: 15,105 Thread 0x00007fba000c3000 nmethod 4827 0x00007fb9f1965850 code [0x00007fb9f19659a0, 0x00007fb9f1965b70]
Event: 15,105 Thread 0x00007fba000c3000 4828       1       org.springframework.cglib.core.ClassEmitter::begin_class (110 bytes)
Event: 15,106 Thread 0x00007fba000c3000 nmethod 4828 0x00007fb9f1965c10 code [0x00007fb9f1965e60, 0x00007fb9f1966648]
Event: 15,106 Thread 0x00007fba000c3000 4829       1       org.springframework.cglib.core.ClassEmitter::init (1 bytes)
Event: 15,106 Thread 0x00007fba000c3000 nmethod 4829 0x00007fb9f1966d10 code [0x00007fb9f1966e60, 0x00007fb9f1966f70]
Event: 15,106 Thread 0x00007fba000c3000 4830       1       org.springframework.cglib.core.ClassEmitter::end_class (82 bytes)
Event: 15,107 Thread 0x00007fba000c3000 nmethod 4830 0x00007fb9f1966fd0 code [0x00007fb9f19671a0, 0x00007fb9f19674b8]

GC Heap History (10 events):
Event: 4,296 GC heap after
Heap after GC invocations=13 (full 1):
 PSYoungGen      total 171008K, used 12268K [0x00000000eb900000, 0x00000000f7a80000, 0x0000000100000000)
  eden space 158720K, 0% used [0x00000000eb900000,0x00000000eb900000,0x00000000f5400000)
  from space 12288K, 99% used [0x00000000f6400000,0x00000000f6ffb0c0,0x00000000f7000000)
  to   space 16384K, 0% used [0x00000000f5400000,0x00000000f5400000,0x00000000f6400000)
 ParOldGen       total 33792K, used 33494K [0x00000000c2a00000, 0x00000000c4b00000, 0x00000000eb900000)
  object space 33792K, 99% used [0x00000000c2a00000,0x00000000c4ab5958,0x00000000c4b00000)
 Metaspace       used 33934K, capacity 35372K, committed 35496K, reserved 1079296K
  class space    used 4447K, capacity 4748K, committed 4784K, reserved 1048576K
}
Event: 4,296 GC heap before
{Heap before GC invocations=14 (full 2):
 PSYoungGen      total 171008K, used 12268K [0x00000000eb900000, 0x00000000f7a80000, 0x0000000100000000)
  eden space 158720K, 0% used [0x00000000eb900000,0x00000000eb900000,0x00000000f5400000)
  from space 12288K, 99% used [0x00000000f6400000,0x00000000f6ffb0c0,0x00000000f7000000)
  to   space 16384K, 0% used [0x00000000f5400000,0x00000000f5400000,0x00000000f6400000)
 ParOldGen       total 33792K, used 33494K [0x00000000c2a00000, 0x00000000c4b00000, 0x00000000eb900000)
  object space 33792K, 99% used [0x00000000c2a00000,0x00000000c4ab5958,0x00000000c4b00000)
 Metaspace       used 33934K, capacity 35372K, committed 35496K, reserved 1079296K
  class space    used 4447K, capacity 4748K, committed 4784K, reserved 1048576K
Event: 4,515 GC heap after
Heap after GC invocations=14 (full 2):
 PSYoungGen      total 171008K, used 2362K [0x00000000eb900000, 0x00000000f7a80000, 0x0000000100000000)
  eden space 158720K, 0% used [0x00000000eb900000,0x00000000eb900000,0x00000000f5400000)
  from space 12288K, 19% used [0x00000000f6400000,0x00000000f664e900,0x00000000f7000000)
  to   space 16384K, 0% used [0x00000000f5400000,0x00000000f5400000,0x00000000f6400000)
 ParOldGen       total 76288K, used 33562K [0x00000000c2a00000, 0x00000000c7480000, 0x00000000eb900000)
  object space 76288K, 43% used [0x00000000c2a00000,0x00000000c4ac6930,0x00000000c7480000)
 Metaspace       used 33934K, capacity 35372K, committed 35496K, reserved 1079296K
  class space    used 4447K, capacity 4748K, committed 4784K, reserved 1048576K
}
Event: 5,580 GC heap before
{Heap before GC invocations=15 (full 2):
 PSYoungGen      total 171008K, used 161082K [0x00000000eb900000, 0x00000000f7a80000, 0x0000000100000000)
  eden space 158720K, 100% used [0x00000000eb900000,0x00000000f5400000,0x00000000f5400000)
  from space 12288K, 19% used [0x00000000f6400000,0x00000000f664e900,0x00000000f7000000)
  to   space 16384K, 0% used [0x00000000f5400000,0x00000000f5400000,0x00000000f6400000)
 ParOldGen       total 76288K, used 33562K [0x00000000c2a00000, 0x00000000c7480000, 0x00000000eb900000)
  object space 76288K, 43% used [0x00000000c2a00000,0x00000000c4ac6930,0x00000000c7480000)
 Metaspace       used 42532K, capacity 44150K, committed 44456K, reserved 1087488K
  class space    used 5616K, capacity 5959K, committed 6064K, reserved 1048576K
Event: 5,603 GC heap after
Heap after GC invocations=15 (full 2):
 PSYoungGen      total 175104K, used 10879K [0x00000000eb900000, 0x00000000f9e00000, 0x0000000100000000)
  eden space 158720K, 0% used [0x00000000eb900000,0x00000000eb900000,0x00000000f5400000)
  from space 16384K, 66% used [0x00000000f5400000,0x00000000f5e9fc40,0x00000000f6400000)
  to   space 16896K, 0% used [0x00000000f8d80000,0x00000000f8d80000,0x00000000f9e00000)
 ParOldGen       total 76288K, used 35005K [0x00000000c2a00000, 0x00000000c7480000, 0x00000000eb900000)
  object space 76288K, 45% used [0x00000000c2a00000,0x00000000c4c2f7b0,0x00000000c7480000)
 Metaspace       used 42532K, capacity 44150K, committed 44456K, reserved 1087488K
  class space    used 5616K, capacity 5959K, committed 6064K, reserved 1048576K
}
Event: 12,696 GC heap before
{Heap before GC invocations=16 (full 2):
 PSYoungGen      total 175104K, used 169599K [0x00000000eb900000, 0x00000000f9e00000, 0x0000000100000000)
  eden space 158720K, 100% used [0x00000000eb900000,0x00000000f5400000,0x00000000f5400000)
  from space 16384K, 66% used [0x00000000f5400000,0x00000000f5e9fc40,0x00000000f6400000)
  to   space 16896K, 0% used [0x00000000f8d80000,0x00000000f8d80000,0x00000000f9e00000)
 ParOldGen       total 76288K, used 35005K [0x00000000c2a00000, 0x00000000c7480000, 0x00000000eb900000)
  object space 76288K, 45% used [0x00000000c2a00000,0x00000000c4c2f7b0,0x00000000c7480000)
 Metaspace       used 51615K, capacity 53596K, committed 53672K, reserved 1095680K
  class space    used 6905K, capacity 7300K, committed 7344K, reserved 1048576K
Event: 12,732 GC heap after
Heap after GC invocations=16 (full 2):
 PSYoungGen      total 210944K, used 15538K [0x00000000eb900000, 0x00000000f9d00000, 0x0000000100000000)
  eden space 195072K, 0% used [0x00000000eb900000,0x00000000eb900000,0x00000000f7780000)
  from space 15872K, 97% used [0x00000000f8d80000,0x00000000f9cac920,0x00000000f9d00000)
  to   space 18432K, 0% used [0x00000000f7900000,0x00000000f7900000,0x00000000f8b00000)
 ParOldGen       total 76288K, used 35021K [0x00000000c2a00000, 0x00000000c7480000, 0x00000000eb900000)
  object space 76288K, 45% used [0x00000000c2a00000,0x00000000c4c337c0,0x00000000c7480000)
 Metaspace       used 51615K, capacity 53596K, committed 53672K, reserved 1095680K
  class space    used 6905K, capacity 7300K, committed 7344K, reserved 1048576K
}
Event: 15,111 GC heap before
{Heap before GC invocations=17 (full 2):
 PSYoungGen      total 210944K, used 128514K [0x00000000eb900000, 0x00000000f9d00000, 0x0000000100000000)
  eden space 195072K, 57% used [0x00000000eb900000,0x00000000f2753f60,0x00000000f7780000)
  from space 15872K, 97% used [0x00000000f8d80000,0x00000000f9cac920,0x00000000f9d00000)
  to   space 18432K, 0% used [0x00000000f7900000,0x00000000f7900000,0x00000000f8b00000)
 ParOldGen       total 76288K, used 35021K [0x00000000c2a00000, 0x00000000c7480000, 0x00000000eb900000)
  object space 76288K, 45% used [0x00000000c2a00000,0x00000000c4c337c0,0x00000000c7480000)
 Metaspace       used 56836K, capacity 59046K, committed 59160K, reserved 1099776K
  class space    used 7599K, capacity 8027K, committed 8112K, reserved 1048576K
Event: 15,142 GC heap after
Heap after GC invocations=17 (full 2):
 PSYoungGen      total 215040K, used 15645K [0x00000000eb900000, 0x00000000fc700000, 0x0000000100000000)
  eden space 196608K, 0% used [0x00000000eb900000,0x00000000eb900000,0x00000000f7900000)
  from space 18432K, 84% used [0x00000000f7900000,0x00000000f8847720,0x00000000f8b00000)
  to   space 20480K, 0% used [0x00000000fb300000,0x00000000fb300000,0x00000000fc700000)
 ParOldGen       total 76288K, used 35029K [0x00000000c2a00000, 0x00000000c7480000, 0x00000000eb900000)
  object space 76288K, 45% used [0x00000000c2a00000,0x00000000c4c357c0,0x00000000c7480000)
 Metaspace       used 56836K, capacity 59046K, committed 59160K, reserved 1099776K
  class space    used 7599K, capacity 8027K, committed 8112K, reserved 1048576K
}
Event: 15,142 GC heap before
{Heap before GC invocations=18 (full 3):
 PSYoungGen      total 215040K, used 15645K [0x00000000eb900000, 0x00000000fc700000, 0x0000000100000000)
  eden space 196608K, 0% used [0x00000000eb900000,0x00000000eb900000,0x00000000f7900000)
  from space 18432K, 84% used [0x00000000f7900000,0x00000000f8847720,0x00000000f8b00000)
  to   space 20480K, 0% used [0x00000000fb300000,0x00000000fb300000,0x00000000fc700000)
 ParOldGen       total 76288K, used 35029K [0x00000000c2a00000, 0x00000000c7480000, 0x00000000eb900000)
  object space 76288K, 45% used [0x00000000c2a00000,0x00000000c4c357c0,0x00000000c7480000)
 Metaspace       used 56836K, capacity 59046K, committed 59160K, reserved 1099776K
  class space    used 7599K, capacity 8027K, committed 8112K, reserved 1048576K

Deoptimization events (0 events):
No events

Classes redefined (0 events):
No events

Internal exceptions (10 events):
Event: 15,097 Thread 0x00007fba00010000 Exception <a 'java/lang/ClassNotFoundException': org/springframework/boot/autoconfigure/web/servlet/error/AbstractErrorControllerCustomizer> (0x00000000f2336fb8) thrown at [/build/openjdk-8-8iINie/openjdk-8-8u181-b13/src/hotspot/src/share/vm/classfile/sys
Event: 15,098 Thread 0x00007fba00010000 Exception <a 'java/lang/ClassNotFoundException': org/springframework/boot/autoconfigure/web/servlet/error/BasicErrorControllerCustomizer> (0x00000000f235d088) thrown at [/build/openjdk-8-8iINie/openjdk-8-8u181-b13/src/hotspot/src/share/vm/classfile/system
Event: 15,098 Thread 0x00007fba00010000 Exception <a 'java/lang/ArrayIndexOutOfBoundsException'> (0x00000000f23606c8) thrown at [/build/openjdk-8-8iINie/openjdk-8-8u181-b13/src/hotspot/src/share/vm/runtime/sharedRuntime.cpp, line 605]
Event: 15,098 Thread 0x00007fba00010000 Exception <a 'java/lang/ArrayIndexOutOfBoundsException'> (0x00000000f2361cc0) thrown at [/build/openjdk-8-8iINie/openjdk-8-8u181-b13/src/hotspot/src/share/vm/runtime/sharedRuntime.cpp, line 605]
Event: 15,099 Thread 0x00007fba00010000 Exception <a 'java/lang/ClassNotFoundException': org/springframework/boot/web/servlet/error/ErrorControllerCustomizer> (0x00000000f2383b80) thrown at [/build/openjdk-8-8iINie/openjdk-8-8u181-b13/src/hotspot/src/share/vm/classfile/systemDictionary.cpp, lin
Event: 15,101 Thread 0x00007fba00010000 Exception <a 'java/lang/ClassNotFoundException': java/lang/ObjectCustomizer> (0x00000000f23bee08) thrown at [/build/openjdk-8-8iINie/openjdk-8-8u181-b13/src/hotspot/src/share/vm/classfile/systemDictionary.cpp, line 210]
Event: 15,102 Thread 0x00007fba00010000 Exception <a 'java/lang/ClassNotFoundException': org/springframework/boot/autoconfigure/web/servlet/WebMvcAutoConfiguration$WebMvcAutoConfigurationAdapter$FaviconConfigurationCustomizer> (0x00000000f23f7418) thrown at [/build/openjdk-8-8iINie/openjdk-8-8u
Event: 15,102 Thread 0x00007fba00010000 Exception <a 'java/lang/ClassNotFoundException': org/springframework/boot/autoconfigure/web/servlet/WebMvcAutoConfiguration$WebMvcAutoConfigurationAdapter$FaviconConfiguration$$EnhancerBySpringCGLIB$$2a33f869Customizer> (0x00000000f243a298) thrown at [/bu
Event: 15,102 Thread 0x00007fba00010000 Exception <a 'java/lang/ClassNotFoundException': org/springframework/context/annotation/ConfigurationClassEnhancer$EnhancedConfigurationCustomizer> (0x00000000f246c140) thrown at [/build/openjdk-8-8iINie/openjdk-8-8u181-b13/src/hotspot/src/share/vm/classf
Event: 15,103 Thread 0x00007fba00010000 Exception <a 'java/lang/ClassNotFoundException': org/springframework/context/ResourceLoaderAwareCustomizer> (0x00000000f2486d50) thrown at [/build/openjdk-8-8iINie/openjdk-8-8u181-b13/src/hotspot/src/share/vm/classfile/systemDictionary.cpp, line 210]

Events (10 events):
Event: 15,109 loading class org/springframework/core/io/Resource done
Event: 15,109 loading class org/springframework/core/io/ResourceLoader
Event: 15,109 loading class org/springframework/core/io/ResourceLoader done
Event: 15,110 loading class org/springframework/core/io/Resource
Event: 15,110 loading class org/springframework/core/io/Resource done
Event: 15,110 loading class org/springframework/http/converter/ResourceRegionHttpMessageConverter
Event: 15,110 loading class org/springframework/http/converter/ResourceRegionHttpMessageConverter done
Event: 15,111 loading class org/springframework/web/cors/CorsConfiguration
Event: 15,111 loading class org/springframework/web/cors/CorsConfiguration done
Event: 15,111 Executing VM operation: CollectForMetadataAllocation


Dynamic libraries:
c2a00000-c7480000 rw-p 00000000 00:00 0 
c7480000-eb900000 ---p 00000000 00:00 0 
eb900000-fc700000 rw-p 00000000 00:00 0 
fc700000-100000000 ---p 00000000 00:00 0 
100000000-1007ec000 rw-p 00000000 00:00 0 
1007ec000-140000000 ---p 00000000 00:00 0 
55a2ad917000-55a2ad918000 r-xp 00000000 08:06 8914498                    /usr/lib/jvm/java-8-openjdk-amd64/jre/bin/java
55a2adb17000-55a2adb18000 r--p 00000000 08:06 8914498                    /usr/lib/jvm/java-8-openjdk-amd64/jre/bin/java
55a2adb18000-55a2adb19000 rw-p 00001000 08:06 8914498                    /usr/lib/jvm/java-8-openjdk-amd64/jre/bin/java
55a2add4c000-55a2add6d000 rw-p 00000000 00:00 0                          [heap]
7fb988000000-7fb988021000 rw-p 00000000 00:00 0 
7fb988021000-7fb98c000000 ---p 00000000 00:00 0 
7fb98c000000-7fb98c021000 rw-p 00000000 00:00 0 
7fb98c021000-7fb990000000 ---p 00000000 00:00 0 
7fb9930ff000-7fb9932db000 rw-p 00000000 00:00 0 
7fb9932db000-7fb9932ff000 ---p 00000000 00:00 0 
7fb9932ff000-7fb9934ff000 rw-p 00000000 00:00 0 
7fb9934ff000-7fb9936ff000 rw-p 00000000 00:00 0 
7fb9936ff000-7fb9938ff000 rw-p 00000000 00:00 0 
7fb9938ff000-7fb993aff000 rw-p 00000000 00:00 0 
7fb993aff000-7fb993cff000 rw-p 00000000 00:00 0 
7fb993cff000-7fb993d02000 ---p 00000000 00:00 0 
7fb993d02000-7fb994000000 rw-p 00000000 00:00 0 
7fb994000000-7fb994021000 rw-p 00000000 00:00 0 
7fb994021000-7fb998000000 ---p 00000000 00:00 0 
7fb998000000-7fb998021000 rw-p 00000000 00:00 0 
7fb998021000-7fb99c000000 ---p 00000000 00:00 0 
7fb99c000000-7fb99c286000 rw-p 00000000 00:00 0 
7fb99c286000-7fb9a0000000 ---p 00000000 00:00 0 
7fb9a0000000-7fb9a0021000 rw-p 00000000 00:00 0 
7fb9a0021000-7fb9a4000000 ---p 00000000 00:00 0 
7fb9a4000000-7fb9a4021000 rw-p 00000000 00:00 0 
7fb9a4021000-7fb9a8000000 ---p 00000000 00:00 0 
7fb9a8000000-7fb9a8301000 rw-p 00000000 00:00 0 
7fb9a8301000-7fb9ac000000 ---p 00000000 00:00 0 
7fb9ac000000-7fb9ac021000 rw-p 00000000 00:00 0 
7fb9ac021000-7fb9b0000000 ---p 00000000 00:00 0 
7fb9b0000000-7fb9b0021000 rw-p 00000000 00:00 0 
7fb9b0021000-7fb9b4000000 ---p 00000000 00:00 0 
7fb9b4000000-7fb9b4021000 rw-p 00000000 00:00 0 
7fb9b4021000-7fb9b8000000 ---p 00000000 00:00 0 
7fb9b80fc000-7fb9b80ff000 ---p 00000000 00:00 0 
7fb9b80ff000-7fb9b83fd000 rw-p 00000000 00:00 0 
7fb9b83fd000-7fb9b8400000 ---p 00000000 00:00 0 
7fb9b8400000-7fb9b84fe000 rw-p 00000000 00:00 0 
7fb9b84fe000-7fb9b8501000 ---p 00000000 00:00 0 
7fb9b8501000-7fb9b87ff000 rw-p 00000000 00:00 0 
7fb9b87ff000-7fb9b89ff000 rw-p 00000000 00:00 0 
7fb9b89ff000-7fb9b8bfd000 rw-p 00000000 00:00 0 
7fb9b8bfd000-7fb9b8bff000 ---p 00000000 00:00 0 
7fb9b8bff000-7fb9b8dff000 rw-p 00000000 00:00 0 
7fb9b8dff000-7fb9b8fff000 rw-p 00000000 00:00 0 
7fb9b8fff000-7fb9bc000000 rw-p 00000000 00:00 0 
7fb9bc000000-7fb9bc69d000 rw-p 00000000 00:00 0 
7fb9bc69d000-7fb9c0000000 ---p 00000000 00:00 0 
7fb9c0000000-7fb9c0021000 rw-p 00000000 00:00 0 
7fb9c0021000-7fb9c4000000 ---p 00000000 00:00 0 
7fb9c4000000-7fb9c4056000 rw-p 00000000 00:00 0 
7fb9c4056000-7fb9c8000000 ---p 00000000 00:00 0 
7fb9c8000000-7fb9c8021000 rw-p 00000000 00:00 0 
7fb9c8021000-7fb9cc000000 ---p 00000000 00:00 0 
7fb9cc000000-7fb9cc021000 rw-p 00000000 00:00 0 
7fb9cc021000-7fb9d0000000 ---p 00000000 00:00 0 
7fb9d0000000-7fb9d0021000 rw-p 00000000 00:00 0 
7fb9d0021000-7fb9d4000000 ---p 00000000 00:00 0 
7fb9d4000000-7fb9d4021000 rw-p 00000000 00:00 0 
7fb9d4021000-7fb9d8000000 ---p 00000000 00:00 0 
7fb9d8000000-7fb9d8021000 rw-p 00000000 00:00 0 
7fb9d8021000-7fb9dc000000 ---p 00000000 00:00 0 
7fb9dc000000-7fb9dc021000 rw-p 00000000 00:00 0 
7fb9dc021000-7fb9e0000000 ---p 00000000 00:00 0 
7fb9e0000000-7fb9e002e000 rw-p 00000000 00:00 0 
7fb9e002e000-7fb9e4000000 ---p 00000000 00:00 0 
7fb9e4000000-7fb9e4021000 rw-p 00000000 00:00 0 
7fb9e4021000-7fb9e8000000 ---p 00000000 00:00 0 
7fb9e80f2000-7fb9e80f5000 ---p 00000000 00:00 0 
7fb9e80f5000-7fb9e83f3000 rw-p 00000000 00:00 0 
7fb9e83f3000-7fb9e85f3000 rw-p 00000000 00:00 0 
7fb9e85f3000-7fb9e85f8000 r--s 002f9000 08:06 9047545                    /usr/lib/jvm/java-8-openjdk-amd64/jre/lib/charsets.jar
7fb9e85f8000-7fb9e85fb000 ---p 00000000 00:00 0 
7fb9e85fb000-7fb9e88f9000 rw-p 00000000 00:00 0 
7fb9e88f9000-7fb9e890c000 r--s 00346000 08:06 9047556                    /usr/lib/jvm/java-8-openjdk-amd64/jre/lib/resources.jar
7fb9e890c000-7fb9e8b0c000 rw-p 00000000 00:00 0 
7fb9e8b0c000-7fb9e8d0c000 rw-p 00000000 00:00 0 
7fb9e8d0c000-7fb9e8f0c000 rw-p 00000000 00:00 0 
7fb9e8f0c000-7fb9e910c000 rw-p 00000000 00:00 0 
7fb9e910c000-7fb9e910f000 ---p 00000000 00:00 0 
7fb9e910f000-7fb9e940d000 rw-p 00000000 00:00 0 
7fb9e940d000-7fb9e940e000 ---p 00000000 00:00 0 
7fb9e940e000-7fb9e950e000 rw-p 00000000 00:00 0 
7fb9e950e000-7fb9e9511000 ---p 00000000 00:00 0 
7fb9e9511000-7fb9e960f000 rw-p 00000000 00:00 0 
7fb9e960f000-7fb9e9612000 ---p 00000000 00:00 0 
7fb9e9612000-7fb9e9710000 rw-p 00000000 00:00 0 
7fb9e9710000-7fb9e9713000 ---p 00000000 00:00 0 
7fb9e9713000-7fb9e9811000 rw-p 00000000 00:00 0 
7fb9e9811000-7fb9e9816000 r--s 0009d000 08:06 9047552                    /usr/lib/jvm/java-8-openjdk-amd64/jre/lib/jsse.jar
7fb9e9816000-7fb9e9821000 r--s 0009e000 08:07 9181420                    /home/marin/.m2/repository/org/springframework/security/spring-security-config/5.0.7.RELEASE/spring-security-config-5.0.7.RELEASE.jar
7fb9e9821000-7fb9e982e000 r--s 0006c000 08:07 9181418                    /home/marin/.m2/repository/org/springframework/security/spring-security-web/5.0.7.RELEASE/spring-security-web-5.0.7.RELEASE.jar
7fb9e982e000-7fb9e9833000 r--s 00040000 08:07 9307605                    /home/marin/.m2/repository/org/springframework/spring-expression/5.0.7.RELEASE/spring-expression-5.0.7.RELEASE.jar
7fb9e9833000-7fb9e984d000 r--s 000f1000 08:07 9307603                    /home/marin/.m2/repository/org/springframework/spring-context/5.0.7.RELEASE/spring-context-5.0.7.RELEASE.jar
7fb9e984d000-7fb9e9859000 r--s 00096000 08:07 9307595                    /home/marin/.m2/repository/org/springframework/spring-beans/5.0.7.RELEASE/spring-beans-5.0.7.RELEASE.jar
7fb9e9859000-7fb9e9862000 r--s 00051000 08:07 9307601                    /home/marin/.m2/repository/org/springframework/spring-aop/5.0.7.RELEASE/spring-aop-5.0.7.RELEASE.jar
7fb9e9862000-7fb9e986e000 r--s 0005c000 08:07 9181416                    /home/marin/.m2/repository/org/springframework/security/spring-security-core/5.0.7.RELEASE/spring-security-core-5.0.7.RELEASE.jar
7fb9e986e000-7fb9e98aa000 r--s 00290000 08:07 9307651                    /home/marin/.m2/repository/net/bytebuddy/byte-buddy/1.7.11/byte-buddy-1.7.11.jar
7fb9e98aa000-7fb9e98ab000 r--s 00000000 08:07 9309721                    /home/marin/.m2/repository/org/hibernate/hibernate-entitymanager/5.2.17.Final/hibernate-entitymanager-5.2.17.Final.jar
7fb9e98ab000-7fb9e98ae000 r--s 00010000 08:07 9307697                    /home/marin/.m2/repository/org/hibernate/common/hibernate-commons-annotations/5.0.1.Final/hibernate-commons-annotations-5.0.1.Final.jar
7fb9e98ae000-7fb9e98b3000 r--s 00048000 08:07 9307695                    /home/marin/.m2/repository/dom4j/dom4j/1.6.1/dom4j-1.6.1.jar
7fb9e98b3000-7fb9e98b5000 r--s 0000e000 08:07 9307562                    /home/marin/.m2/repository/com/fasterxml/classmate/1.3.4/classmate-1.3.4.jar
7fb9e98b5000-7fb9e98b8000 r--s 0002b000 08:07 9307693                    /home/marin/.m2/repository/org/jboss/jandex/2.0.3.Final/jandex-2.0.3.Final.jar
7fb9e98b8000-7fb9e98b9000 r--s 00006000 08:07 9309691                    /home/marin/.m2/repository/org/jboss/spec/javax/transaction/jboss-transaction-api_1.2_spec/1.0.1.Final/jboss-transaction-api_1.2_spec-1.0.1.Final.jar
7fb9e98b9000-7fb9e98be000 r--s 00068000 08:07 9307691                    /home/marin/.m2/repository/antlr/antlr/2.7.7/antlr-2.7.7.jar
7fb9e98be000-7fb9e98c8000 r--s 000ab000 08:07 9307689                    /home/marin/.m2/repository/org/javassist/javassist/3.22.0-GA/javassist-3.22.0-GA.jar
7fb9e98c8000-7fb9e98cd000 r--s 00017000 08:07 9307687                    /home/marin/.m2/repository/org/hibernate/javax/persistence/hibernate-jpa-2.1-api/1.0.2.Final/hibernate-jpa-2.1-api-1.0.2.Final.jar
7fb9e98cd000-7fb9e98cf000 r--s 0000f000 08:07 9307560                    /home/marin/.m2/repository/org/jboss/logging/jboss-logging/3.3.2.Final/jboss-logging-3.3.2.Final.jar
7fb9e98cf000-7fb9e994d000 r--s 005f0000 08:07 9307685                    /home/marin/.m2/repository/org/hibernate/hibernate-core/5.2.17.Final/hibernate-core-5.2.17.Final.jar
7fb9e994d000-7fb9e9951000 r--s 0001b000 08:07 9309597                    /home/marin/.m2/repository/javax/xml/bind/jaxb-api/2.3.0/jaxb-api-2.3.0.jar
7fb9e9951000-7fb9e9953000 r--s 00009000 08:07 9307725                    /home/marin/.m2/repository/org/slf4j/slf4j-api/1.7.25/slf4j-api-1.7.25.jar
7fb9e9953000-7fb9e9954000 r--s 00000000 08:07 9307723                    /home/marin/.m2/repository/com/infradna/tool/bridge-method-annotation/1.13/bridge-method-annotation-1.13.jar
7fb9e9954000-7fb9e9955000 r--s 00002000 08:07 9307721                    /home/marin/.m2/repository/com/mysema/commons/mysema-commons-lang/0.2.4/mysema-commons-lang-0.2.4.jar
7fb9e9955000-7fb9e9958000 r--s 00006000 08:07 9307719                    /home/marin/.m2/repository/com/google/code/findbugs/jsr305/1.3.9/jsr305-1.3.9.jar
7fb9e9958000-7fb9e9983000 r--s 001fc000 08:07 9307717                    /home/marin/.m2/repository/com/google/guava/guava/18.0/guava-18.0.jar
7fb9e9983000-7fb9e998c000 r--s 00067000 08:07 9307715                    /home/marin/.m2/repository/com/querydsl/querydsl-core/4.1.4/querydsl-core-4.1.4.jar
7fb9e998c000-7fb9e998e000 r--s 0001d000 08:07 9307713                    /home/marin/.m2/repository/com/querydsl/querydsl-jpa/4.1.4/querydsl-jpa-4.1.4.jar
7fb9e998e000-7fb9e9998000 r--s 000ec000 08:07 9307711                    /home/marin/.m2/repository/mysql/mysql-connector-java/5.1.46/mysql-connector-java-5.1.46.jar
7fb9e9998000-7fb9e999a000 r--s 0000a000 08:07 9307709                    /home/marin/.m2/repository/org/springframework/spring-aspects/5.0.7.RELEASE/spring-aspects-5.0.7.RELEASE.jar
7fb9e999a000-7fb9e99a2000 r--s 00037000 08:07 9307707                    /home/marin/.m2/repository/org/springframework/spring-tx/5.0.7.RELEASE/spring-tx-5.0.7.RELEASE.jar
7fb9e99a2000-7fb9e99a6000 r--s 0002b000 08:07 9307705                    /home/marin/.m2/repository/org/springframework/spring-orm/5.0.7.RELEASE/spring-orm-5.0.7.RELEASE.jar
7fb9e99a6000-7fb9e99bd000 r--s 000f1000 08:07 9307703                    /home/marin/.m2/repository/org/springframework/data/spring-data-commons/2.0.8.RELEASE/spring-data-commons-2.0.8.RELEASE.jar
7fb9e99bd000-7fb9e99c5000 r--s 0004b000 08:07 9307701                    /home/marin/.m2/repository/org/springframework/data/spring-data-jpa/2.0.8.RELEASE/spring-data-jpa-2.0.8.RELEASE.jar
7fb9e99c5000-7fb9e99c7000 r--s 00006000 08:07 9307699                    /home/marin/.m2/repository/javax/transaction/javax.transaction-api/1.2/javax.transaction-api-1.2.jar
7fb9e99c7000-7fb9e99d0000 r--s 00059000 08:07 9307683                    /home/marin/.m2/repository/org/springframework/spring-jdbc/5.0.7.RELEASE/spring-jdbc-5.0.7.RELEASE.jar
7fb9e99d0000-7fb9e99d4000 r--s 00020000 08:07 9307681                    /home/marin/.m2/repository/com/zaxxer/HikariCP/2.7.9/HikariCP-2.7.9.jar
7fb9e99d4000-7fb9e99d5000 r--s 00000000 08:07 9307679                    /home/marin/.m2/repository/org/springframework/boot/spring-boot-starter-jdbc/2.0.3.RELEASE/spring-boot-starter-jdbc-2.0.3.RELEASE.jar
7fb9e99d5000-7fb9e99ee000 r--s 001bf000 08:07 9307677                    /home/marin/.m2/repository/org/aspectj/aspectjweaver/1.8.13/aspectjweaver-1.8.13.jar
7fb9e99ee000-7fb9e99ef000 r--s 00000000 08:07 9307675                    /home/marin/.m2/repository/org/springframework/boot/spring-boot-starter-aop/2.0.3.RELEASE/spring-boot-starter-aop-2.0.3.RELEASE.jar
7fb9e99ef000-7fb9e99f0000 r--s 00000000 08:07 9307673                    /home/marin/.m2/repository/org/springframework/boot/spring-boot-starter-data-jpa/2.0.3.RELEASE/spring-boot-starter-data-jpa-2.0.3.RELEASE.jar
7fb9e99f0000-7fb9e99f2000 r--s 00004000 08:07 9307667                    /home/marin/.m2/repository/org/springframework/spring-jcl/5.0.7.RELEASE/spring-jcl-5.0.7.RELEASE.jar
7fb9e99f2000-7fb9e9a0a000 r--s 00114000 08:07 9307665                    /home/marin/.m2/repository/org/springframework/spring-core/5.0.7.RELEASE/spring-core-5.0.7.RELEASE.jar
7fb9e9a0a000-7fb9e9a0c000 r--s 0000f000 08:07 9307629                    /home/marin/.m2/repository/commons-fileupload/commons-fileupload/1.3/commons-fileupload-1.3.jar
7fb9e9a0c000-7fb9e9a10000 r--s 00027000 08:07 9307627                    /home/marin/.m2/repository/commons-io/commons-io/2.2/commons-io-2.2.jar
7fb9e9a10000-7fb9e9a24000 r--s 0013a000 08:07 9307413                    /home/marin/.m2/repository/org/primefaces/themes/all-themes/1.0.10/all-themes-1.0.10.jar
7fb9e9a24000-7fb9e9a53000 r--s 003e4000 08:07 9307625                    /home/marin/.m2/repository/org/primefaces/primefaces/6.2/primefaces-6.2.jar
7fb9e9a53000-7fb9e9a70000 r--s 00230000 08:07 9307623                    /home/marin/.m2/repository/com/sun/faces/jsf-impl/2.2.10/jsf-impl-2.2.10.jar
7fb9e9a70000-7fb9e9a7d000 r--s 0009d000 08:07 9307621                    /home/marin/.m2/repository/com/sun/faces/jsf-api/2.2.10/jsf-api-2.2.10.jar
7fb9e9a7d000-7fb9e9a87000 r--s 0005c000 08:07 9307619                    /home/marin/.m2/repository/javax/servlet/jstl/1.2/jstl-1.2.jar
7fb9e9a87000-7fb9e9a9a000 r--s 00244000 08:07 9307617                    /home/marin/.m2/repository/org/eclipse/jdt/ecj/3.12.3/ecj-3.12.3.jar
7fb9e9a9a000-7fb9e9a9e000 r--s 00037000 08:07 9307615                    /home/marin/.m2/repository/org/apache/tomcat/embed/tomcat-embed-el/8.5.31/tomcat-embed-el-8.5.31.jar
7fb9e9a9e000-7fb9e9aa7000 r--s 00095000 08:07 9307613                    /home/marin/.m2/repository/org/apache/tomcat/embed/tomcat-embed-jasper/8.5.31/tomcat-embed-jasper-8.5.31.jar
7fb9e9aa7000-7fb9e9aa8000 r--s 0000b000 08:07 9307611                    /home/marin/.m2/repository/org/apache/tomcat/embed/tomcat-embed-logging-juli/8.0.53/tomcat-embed-logging-juli-8.0.53.jar
7fb9e9aa8000-7fb9e9ad1000 r--s 002d0000 08:07 9307607                    /home/marin/.m2/repository/org/apache/tomcat/embed/tomcat-embed-core/8.5.31/tomcat-embed-core-8.5.31.jar
7fb9e9ad1000-7fb9e9ae0000 r--s 000b2000 08:07 9307599                    /home/marin/.m2/repository/org/springframework/spring-webmvc/5.0.7.RELEASE/spring-webmvc-5.0.7.RELEASE.jar
7fb9e9ae0000-7fb9e9afa000 r--s 00119000 08:07 9307564                    /home/marin/.m2/repository/org/springframework/spring-web/5.0.7.RELEASE/spring-web-5.0.7.RELEASE.jar
7fb9e9afa000-7fb9e9aff000 r--s 00012000 08:07 9307558                    /home/marin/.m2/repository/javax/validation/validation-api/2.0.1.Final/validation-api-2.0.1.Final.jar
7fb9e9aff000-7fb9e9b1b000 r--s 000f9000 08:07 9307556                    /home/marin/.m2/repository/org/hibernate/validator/hibernate-validator/6.0.10.Final/hibernate-validator-6.0.10.Final.jar
7fb9e9b1b000-7fb9e9b2c000 r-xp 00000000 08:06 9180503                    /usr/lib/jvm/java-8-openjdk-amd64/jre/lib/amd64/libnio.so
7fb9e9b2c000-7fb9e9d2c000 ---p 00011000 08:06 9180503                    /usr/lib/jvm/java-8-openjdk-amd64/jre/lib/amd64/libnio.so
7fb9e9d2c000-7fb9e9d2d000 r--p 00011000 08:06 9180503                    /usr/lib/jvm/java-8-openjdk-amd64/jre/lib/amd64/libnio.so
7fb9e9d2d000-7fb9e9d2e000 rw-p 00012000 08:06 9180503                    /usr/lib/jvm/java-8-openjdk-amd64/jre/lib/amd64/libnio.so
7fb9e9d2e000-7fb9e9d45000 r-xp 00000000 08:06 9180502                    /usr/lib/jvm/java-8-openjdk-amd64/jre/lib/amd64/libnet.so
7fb9e9d45000-7fb9e9f44000 ---p 00017000 08:06 9180502                    /usr/lib/jvm/java-8-openjdk-amd64/jre/lib/amd64/libnet.so
7fb9e9f44000-7fb9e9f45000 r--p 00016000 08:06 9180502                    /usr/lib/jvm/java-8-openjdk-amd64/jre/lib/amd64/libnet.so
7fb9e9f45000-7fb9e9f46000 rw-p 00017000 08:06 9180502                    /usr/lib/jvm/java-8-openjdk-amd64/jre/lib/amd64/libnet.so
7fb9e9f46000-7fb9e9f4f000 r-xp 00000000 08:06 9180500                    /usr/lib/jvm/java-8-openjdk-amd64/jre/lib/amd64/libmanagement.so
7fb9e9f4f000-7fb9ea14e000 ---p 00009000 08:06 9180500                    /usr/lib/jvm/java-8-openjdk-amd64/jre/lib/amd64/libmanagement.so
7fb9ea14e000-7fb9ea14f000 r--p 00008000 08:06 9180500                    /usr/lib/jvm/java-8-openjdk-amd64/jre/lib/amd64/libmanagement.so
7fb9ea14f000-7fb9ea150000 rw-p 00009000 08:06 9180500                    /usr/lib/jvm/java-8-openjdk-amd64/jre/lib/amd64/libmanagement.so
7fb9ea150000-7fb9ec000000 rw-p 00000000 00:00 0 
7fb9ec000000-7fb9ec021000 rw-p 00000000 00:00 0 
7fb9ec021000-7fb9f0000000 ---p 00000000 00:00 0 
7fb9f0000000-7fb9f0002000 r--s 00002000 08:07 9307609                    /home/marin/.m2/repository/org/apache/tomcat/tomcat-annotations-api/8.5.31/tomcat-annotations-api-8.5.31.jar
7fb9f0002000-7fb9f0007000 r--s 0003a000 08:07 9307554                    /home/marin/.m2/repository/org/apache/tomcat/embed/tomcat-embed-websocket/8.5.31/tomcat-embed-websocket-8.5.31.jar
7fb9f0007000-7fb9f0008000 r--s 00000000 08:07 9307552                    /home/marin/.m2/repository/org/springframework/boot/spring-boot-starter-tomcat/2.0.3.RELEASE/spring-boot-starter-tomcat-2.0.3.RELEASE.jar
7fb9f0008000-7fb9f000a000 r--s 00001000 08:07 9307550                    /home/marin/.m2/repository/com/fasterxml/jackson/module/jackson-module-parameter-names/2.9.6/jackson-module-parameter-names-2.9.6.jar
7fb9f000a000-7fb9f000d000 r--s 00016000 08:07 9307548                    /home/marin/.m2/repository/com/fasterxml/jackson/datatype/jackson-datatype-jsr310/2.9.6/jackson-datatype-jsr310-2.9.6.jar
7fb9f000d000-7fb9f0012000 r--s 0004b000 08:07 9307544                    /home/marin/.m2/repository/com/fasterxml/jackson/core/jackson-core/2.9.6/jackson-core-2.9.6.jar
7fb9f0012000-7fb9f0015000 r--s 0000e000 08:07 9307542                    /home/marin/.m2/repository/com/fasterxml/jackson/core/jackson-annotations/2.9.0/jackson-annotations-2.9.0.jar
7fb9f0015000-7fb9f0028000 r--s 00137000 08:07 9307540                    /home/marin/.m2/repository/com/fasterxml/jackson/core/jackson-databind/2.9.6/jackson-databind-2.9.6.jar
7fb9f0028000-7fb9f002f000 r--s 00042000 08:07 9307536                    /home/marin/.m2/repository/org/yaml/snakeyaml/1.19/snakeyaml-1.19.jar
7fb9f002f000-7fb9f004f000 r--s 000fc000 08:07 9307520                    /home/marin/.m2/repository/org/springframework/boot/spring-boot-autoconfigure/2.0.3.RELEASE/spring-boot-autoconfigure-2.0.3.RELEASE.jar
7fb9f004f000-7fb9f00e6000 r--s 007cb000 08:06 12454563                   /usr/share/java/openjfx/jre/lib/ext/jfxrt.jar
7fb9f00e6000-7fb9f00e9000 ---p 00000000 00:00 0 
7fb9f00e9000-7fb9f01e7000 rw-p 00000000 00:00 0 
7fb9f01e7000-7fb9f01e8000 ---p 00000000 00:00 0 
7fb9f01e8000-7fb9f01eb000 ---p 00000000 00:00 0 
7fb9f01eb000-7fb9f02e8000 rw-p 00000000 00:00 0 
7fb9f02e8000-7fb9f02e9000 ---p 00000000 00:00 0 
7fb9f02e9000-7fb9f02ec000 ---p 00000000 00:00 0 
7fb9f02ec000-7fb9f03e9000 rw-p 00000000 00:00 0 
7fb9f03e9000-7fb9f03ea000 ---p 00000000 00:00 0 
7fb9f03ea000-7fb9f03ed000 ---p 00000000 00:00 0 
7fb9f03ed000-7fb9f04ea000 rw-p 00000000 00:00 0 
7fb9f04ea000-7fb9f04ed000 ---p 00000000 00:00 0 
7fb9f04ed000-7fb9f05eb000 rw-p 00000000 00:00 0 
7fb9f05eb000-7fb9f09fa000 r--p 00000000 08:06 8132917                    /usr/lib/locale/locale-archive
7fb9f09fa000-7fb9f09fd000 ---p 00000000 00:00 0 
7fb9f09fd000-7fb9f0afb000 rw-p 00000000 00:00 0 
7fb9f0afb000-7fb9f0afe000 ---p 00000000 00:00 0 
7fb9f0afe000-7fb9f0bfc000 rw-p 00000000 00:00 0 
7fb9f0bfc000-7fb9f0bfd000 ---p 00000000 00:00 0 
7fb9f0bfd000-7fb9f1000000 rw-p 00000000 00:00 0 
7fb9f1000000-7fb9f1970000 rwxp 00000000 00:00 0 
7fb9f1970000-7fba00000000 ---p 00000000 00:00 0 
7fba00000000-7fba01413000 rw-p 00000000 00:00 0 
7fba01413000-7fba04000000 ---p 00000000 00:00 0 
7fba04000000-7fba04002000 r--s 00007000 08:07 9307546                    /home/marin/.m2/repository/com/fasterxml/jackson/datatype/jackson-datatype-jdk8/2.9.6/jackson-datatype-jdk8-2.9.6.jar
7fba04002000-7fba04004000 r--s 00005000 08:07 9307534                    /home/marin/.m2/repository/javax/annotation/javax.annotation-api/1.3.2/javax.annotation-api-1.3.2.jar
7fba04004000-7fba04006000 r--s 00000000 08:07 9307532                    /home/marin/.m2/repository/org/slf4j/jul-to-slf4j/1.7.25/jul-to-slf4j-1.7.25.jar
7fba04006000-7fba0400c000 r--s 00039000 08:07 9307530                    /home/marin/.m2/repository/org/apache/logging/log4j/log4j-api/2.10.0/log4j-api-2.10.0.jar
7fba0400c000-7fba0400e000 r--s 00003000 08:07 9307528                    /home/marin/.m2/repository/org/apache/logging/log4j/log4j-to-slf4j/2.10.0/log4j-to-slf4j-2.10.0.jar
7fba0400e000-7fba04019000 r--s 00069000 08:07 9307526                    /home/marin/.m2/repository/ch/qos/logback/logback-core/1.2.3/logback-core-1.2.3.jar
7fba04019000-7fba0401f000 r--s 00041000 08:07 9307524                    /home/marin/.m2/repository/ch/qos/logback/logback-classic/1.2.3/logback-classic-1.2.3.jar
7fba0401f000-7fba04034000 r--s 000cf000 08:07 9307518                    /home/marin/.m2/repository/org/springframework/boot/spring-boot/2.0.3.RELEASE/spring-boot-2.0.3.RELEASE.jar
7fba04034000-7fba0404f000 r--s 001d6000 08:06 9967501                    /usr/lib/jvm/java-8-openjdk-amd64/jre/lib/ext/nashorn.jar
7fba0404f000-7fba0406a000 r--s 00394000 08:06 9967496                    /usr/lib/jvm/java-8-openjdk-amd64/jre/lib/ext/cldrdata.jar
7fba0406a000-7fba04074000 r--s 00116000 08:06 9967500                    /usr/lib/jvm/java-8-openjdk-amd64/jre/lib/ext/localedata.jar
7fba04074000-7fba04d31000 rw-p 00000000 00:00 0 
7fba04d31000-7fba04f00000 r--s 03c32000 08:06 9047557                    /usr/lib/jvm/java-8-openjdk-amd64/jre/lib/rt.jar
7fba04f00000-7fba05961000 rw-p 00000000 00:00 0 
7fba05961000-7fba05962000 ---p 00000000 00:00 0 
7fba05962000-7fba05a62000 rw-p 00000000 00:00 0 
7fba05a62000-7fba05a63000 ---p 00000000 00:00 0 
7fba05a63000-7fba05b63000 rw-p 00000000 00:00 0 
7fba05b63000-7fba05b64000 ---p 00000000 00:00 0 
7fba05b64000-7fba05c64000 rw-p 00000000 00:00 0 
7fba05c64000-7fba05c65000 ---p 00000000 00:00 0 
7fba05c65000-7fba05d8b000 rw-p 00000000 00:00 0 
7fba05d8b000-7fba05ead000 ---p 00000000 00:00 0 
7fba05ead000-7fba05ed3000 rw-p 00000000 00:00 0 
7fba05ed3000-7fba05ff4000 ---p 00000000 00:00 0 
7fba05ff4000-7fba0607c000 rw-p 00000000 00:00 0 
7fba0607c000-7fba06098000 ---p 00000000 00:00 0 
7fba06098000-7fba060bf000 rw-p 00000000 00:00 0 
7fba060bf000-7fba06459000 ---p 00000000 00:00 0 
7fba06459000-7fba06461000 r-xp 00000000 08:06 9180510                    /usr/lib/jvm/java-8-openjdk-amd64/jre/lib/amd64/libzip.so
7fba06461000-7fba06660000 ---p 00008000 08:06 9180510                    /usr/lib/jvm/java-8-openjdk-amd64/jre/lib/amd64/libzip.so
7fba06660000-7fba06661000 r--p 00007000 08:06 9180510                    /usr/lib/jvm/java-8-openjdk-amd64/jre/lib/amd64/libzip.so
7fba06661000-7fba06662000 rw-p 00008000 08:06 9180510                    /usr/lib/jvm/java-8-openjdk-amd64/jre/lib/amd64/libzip.so
7fba06662000-7fba0666d000 r-xp 00000000 08:06 4592351                    /lib/x86_64-linux-gnu/libnss_files-2.27.so
7fba0666d000-7fba0686c000 ---p 0000b000 08:06 4592351                    /lib/x86_64-linux-gnu/libnss_files-2.27.so
7fba0686c000-7fba0686d000 r--p 0000a000 08:06 4592351                    /lib/x86_64-linux-gnu/libnss_files-2.27.so
7fba0686d000-7fba0686e000 rw-p 0000b000 08:06 4592351                    /lib/x86_64-linux-gnu/libnss_files-2.27.so
7fba0686e000-7fba06874000 rw-p 00000000 00:00 0 
7fba06874000-7fba0688b000 r-xp 00000000 08:06 4592345                    /lib/x86_64-linux-gnu/libnsl-2.27.so
7fba0688b000-7fba06a8a000 ---p 00017000 08:06 4592345                    /lib/x86_64-linux-gnu/libnsl-2.27.so
7fba06a8a000-7fba06a8b000 r--p 00016000 08:06 4592345                    /lib/x86_64-linux-gnu/libnsl-2.27.so
7fba06a8b000-7fba06a8c000 rw-p 00017000 08:06 4592345                    /lib/x86_64-linux-gnu/libnsl-2.27.so
7fba06a8c000-7fba06a8e000 rw-p 00000000 00:00 0 
7fba06a8e000-7fba06a99000 r-xp 00000000 08:06 4592362                    /lib/x86_64-linux-gnu/libnss_nis-2.27.so
7fba06a99000-7fba06c98000 ---p 0000b000 08:06 4592362                    /lib/x86_64-linux-gnu/libnss_nis-2.27.so
7fba06c98000-7fba06c99000 r--p 0000a000 08:06 4592362                    /lib/x86_64-linux-gnu/libnss_nis-2.27.so
7fba06c99000-7fba06c9a000 rw-p 0000b000 08:06 4592362                    /lib/x86_64-linux-gnu/libnss_nis-2.27.so
7fba06c9a000-7fba06ca2000 r-xp 00000000 08:06 4592347                    /lib/x86_64-linux-gnu/libnss_compat-2.27.so
7fba06ca2000-7fba06ea2000 ---p 00008000 08:06 4592347                    /lib/x86_64-linux-gnu/libnss_compat-2.27.so
7fba06ea2000-7fba06ea3000 r--p 00008000 08:06 4592347                    /lib/x86_64-linux-gnu/libnss_compat-2.27.so
7fba06ea3000-7fba06ea4000 rw-p 00009000 08:06 4592347                    /lib/x86_64-linux-gnu/libnss_compat-2.27.so
7fba06ea4000-7fba06ed2000 r-xp 00000000 08:06 9180491                    /usr/lib/jvm/java-8-openjdk-amd64/jre/lib/amd64/libjava.so
7fba06ed2000-7fba070d1000 ---p 0002e000 08:06 9180491                    /usr/lib/jvm/java-8-openjdk-amd64/jre/lib/amd64/libjava.so
7fba070d1000-7fba070d2000 r--p 0002d000 08:06 9180491                    /usr/lib/jvm/java-8-openjdk-amd64/jre/lib/amd64/libjava.so
7fba070d2000-7fba070d4000 rw-p 0002e000 08:06 9180491                    /usr/lib/jvm/java-8-openjdk-amd64/jre/lib/amd64/libjava.so
7fba070d4000-7fba070e4000 r-xp 00000000 08:06 9180509                    /usr/lib/jvm/java-8-openjdk-amd64/jre/lib/amd64/libverify.so
7fba070e4000-7fba072e3000 ---p 00010000 08:06 9180509                    /usr/lib/jvm/java-8-openjdk-amd64/jre/lib/amd64/libverify.so
7fba072e3000-7fba072e5000 r--p 0000f000 08:06 9180509                    /usr/lib/jvm/java-8-openjdk-amd64/jre/lib/amd64/libverify.so
7fba072e5000-7fba072e6000 rw-p 00011000 08:06 9180509                    /usr/lib/jvm/java-8-openjdk-amd64/jre/lib/amd64/libverify.so
7fba072e6000-7fba072ed000 r-xp 00000000 08:06 4592402                    /lib/x86_64-linux-gnu/librt-2.27.so
7fba072ed000-7fba074ec000 ---p 00007000 08:06 4592402                    /lib/x86_64-linux-gnu/librt-2.27.so
7fba074ec000-7fba074ed000 r--p 00006000 08:06 4592402                    /lib/x86_64-linux-gnu/librt-2.27.so
7fba074ed000-7fba074ee000 rw-p 00007000 08:06 4592402                    /lib/x86_64-linux-gnu/librt-2.27.so
7fba074ee000-7fba07505000 r-xp 00000000 08:06 4592298                    /lib/x86_64-linux-gnu/libgcc_s.so.1
7fba07505000-7fba07704000 ---p 00017000 08:06 4592298                    /lib/x86_64-linux-gnu/libgcc_s.so.1
7fba07704000-7fba07705000 r--p 00016000 08:06 4592298                    /lib/x86_64-linux-gnu/libgcc_s.so.1
7fba07705000-7fba07706000 rw-p 00017000 08:06 4592298                    /lib/x86_64-linux-gnu/libgcc_s.so.1
7fba07706000-7fba078a3000 r-xp 00000000 08:06 4592324                    /lib/x86_64-linux-gnu/libm-2.27.so
7fba078a3000-7fba07aa2000 ---p 0019d000 08:06 4592324                    /lib/x86_64-linux-gnu/libm-2.27.so
7fba07aa2000-7fba07aa3000 r--p 0019c000 08:06 4592324                    /lib/x86_64-linux-gnu/libm-2.27.so
7fba07aa3000-7fba07aa4000 rw-p 0019d000 08:06 4592324                    /lib/x86_64-linux-gnu/libm-2.27.so
7fba07aa4000-7fba07c22000 r-xp 00000000 08:06 8135174                    /usr/lib/x86_64-linux-gnu/libstdc++.so.6.0.25
7fba07c22000-7fba07e22000 ---p 0017e000 08:06 8135174                    /usr/lib/x86_64-linux-gnu/libstdc++.so.6.0.25
7fba07e22000-7fba07e2c000 r--p 0017e000 08:06 8135174                    /usr/lib/x86_64-linux-gnu/libstdc++.so.6.0.25
7fba07e2c000-7fba07e2e000 rw-p 00188000 08:06 8135174                    /usr/lib/x86_64-linux-gnu/libstdc++.so.6.0.25
7fba07e2e000-7fba07e32000 rw-p 00000000 00:00 0 
7fba07e32000-7fba08ac7000 r-xp 00000000 08:06 9578723                    /usr/lib/jvm/java-8-openjdk-amd64/jre/lib/amd64/server/libjvm.so
7fba08ac7000-7fba08cc6000 ---p 00c95000 08:06 9578723                    /usr/lib/jvm/java-8-openjdk-amd64/jre/lib/amd64/server/libjvm.so
7fba08cc6000-7fba08d5a000 r--p 00c94000 08:06 9578723                    /usr/lib/jvm/java-8-openjdk-amd64/jre/lib/amd64/server/libjvm.so
7fba08d5a000-7fba08d82000 rw-p 00d28000 08:06 9578723                    /usr/lib/jvm/java-8-openjdk-amd64/jre/lib/amd64/server/libjvm.so
7fba08d82000-7fba08db3000 rw-p 00000000 00:00 0 
7fba08db3000-7fba08dcd000 r-xp 00000000 08:06 4592394                    /lib/x86_64-linux-gnu/libpthread-2.27.so
7fba08dcd000-7fba08fcc000 ---p 0001a000 08:06 4592394                    /lib/x86_64-linux-gnu/libpthread-2.27.so
7fba08fcc000-7fba08fcd000 r--p 00019000 08:06 4592394                    /lib/x86_64-linux-gnu/libpthread-2.27.so
7fba08fcd000-7fba08fce000 rw-p 0001a000 08:06 4592394                    /lib/x86_64-linux-gnu/libpthread-2.27.so
7fba08fce000-7fba08fd2000 rw-p 00000000 00:00 0 
7fba08fd2000-7fba08fd5000 r-xp 00000000 08:06 4592284                    /lib/x86_64-linux-gnu/libdl-2.27.so
7fba08fd5000-7fba091d4000 ---p 00003000 08:06 4592284                    /lib/x86_64-linux-gnu/libdl-2.27.so
7fba091d4000-7fba091d5000 r--p 00002000 08:06 4592284                    /lib/x86_64-linux-gnu/libdl-2.27.so
7fba091d5000-7fba091d6000 rw-p 00003000 08:06 4592284                    /lib/x86_64-linux-gnu/libdl-2.27.so
7fba091d6000-7fba091f2000 r-xp 00000000 08:06 4592435                    /lib/x86_64-linux-gnu/libz.so.1.2.11
7fba091f2000-7fba093f1000 ---p 0001c000 08:06 4592435                    /lib/x86_64-linux-gnu/libz.so.1.2.11
7fba093f1000-7fba093f2000 r--p 0001b000 08:06 4592435                    /lib/x86_64-linux-gnu/libz.so.1.2.11
7fba093f2000-7fba093f3000 rw-p 0001c000 08:06 4592435                    /lib/x86_64-linux-gnu/libz.so.1.2.11
7fba093f3000-7fba095da000 r-xp 00000000 08:06 4592261                    /lib/x86_64-linux-gnu/libc-2.27.so
7fba095da000-7fba097da000 ---p 001e7000 08:06 4592261                    /lib/x86_64-linux-gnu/libc-2.27.so
7fba097da000-7fba097de000 r--p 001e7000 08:06 4592261                    /lib/x86_64-linux-gnu/libc-2.27.so
7fba097de000-7fba097e0000 rw-p 001eb000 08:06 4592261                    /lib/x86_64-linux-gnu/libc-2.27.so
7fba097e0000-7fba097e4000 rw-p 00000000 00:00 0 
7fba097e4000-7fba097f2000 r-xp 00000000 08:06 9445110                    /usr/lib/jvm/java-8-openjdk-amd64/jre/lib/amd64/jli/libjli.so
7fba097f2000-7fba099f1000 ---p 0000e000 08:06 9445110                    /usr/lib/jvm/java-8-openjdk-amd64/jre/lib/amd64/jli/libjli.so
7fba099f1000-7fba099f2000 r--p 0000d000 08:06 9445110                    /usr/lib/jvm/java-8-openjdk-amd64/jre/lib/amd64/jli/libjli.so
7fba099f2000-7fba099f3000 rw-p 0000e000 08:06 9445110                    /usr/lib/jvm/java-8-openjdk-amd64/jre/lib/amd64/jli/libjli.so
7fba099f3000-7fba09a1a000 r-xp 00000000 08:06 4592233                    /lib/x86_64-linux-gnu/ld-2.27.so
7fba09a1a000-7fba09a1b000 r--s 00000000 08:07 9307538                    /home/marin/.m2/repository/org/springframework/boot/spring-boot-starter-json/2.0.3.RELEASE/spring-boot-starter-json-2.0.3.RELEASE.jar
7fba09a1b000-7fba09a1c000 r--s 00000000 08:07 9307522                    /home/marin/.m2/repository/org/springframework/boot/spring-boot-starter-logging/2.0.3.RELEASE/spring-boot-starter-logging-2.0.3.RELEASE.jar
7fba09a1c000-7fba09a1f000 r--s 0000f000 08:06 9967498                    /usr/lib/jvm/java-8-openjdk-amd64/jre/lib/ext/icedtea-sound.jar
7fba09a1f000-7fba09af8000 rw-p 00000000 00:00 0 
7fba09af8000-7fba09af9000 ---p 00000000 00:00 0 
7fba09af9000-7fba09afc000 ---p 00000000 00:00 0 
7fba09afc000-7fba09bfb000 rw-p 00000000 00:00 0 
7fba09bfb000-7fba09bfc000 r--s 00000000 08:07 9307516                    /home/marin/.m2/repository/org/springframework/boot/spring-boot-starter/2.0.3.RELEASE/spring-boot-starter-2.0.3.RELEASE.jar
7fba09bfc000-7fba09bfd000 r--s 00000000 08:07 9307514                    /home/marin/.m2/repository/org/springframework/boot/spring-boot-starter-web/2.0.3.RELEASE/spring-boot-starter-web-2.0.3.RELEASE.jar
7fba09bfd000-7fba09bff000 r--s 00008000 08:06 9967502                    /usr/lib/jvm/java-8-openjdk-amd64/jre/lib/ext/sunec.jar
7fba09bff000-7fba09c01000 r--s 00007000 08:06 8653593                    /usr/share/java/java-atk-wrapper.jar
7fba09c01000-7fba09c02000 r--s 0000a000 08:06 9967499                    /usr/lib/jvm/java-8-openjdk-amd64/jre/lib/ext/jaccess.jar
7fba09c02000-7fba09c03000 r--s 00010000 08:06 9967505                    /usr/lib/jvm/java-8-openjdk-amd64/jre/lib/ext/zipfs.jar
7fba09c03000-7fba09c09000 r--s 0003b000 08:06 9967503                    /usr/lib/jvm/java-8-openjdk-amd64/jre/lib/ext/sunjce_provider.jar
7fba09c09000-7fba09c0b000 r--s 00001000 08:06 9967497                    /usr/lib/jvm/java-8-openjdk-amd64/jre/lib/ext/dnsns.jar
7fba09c0b000-7fba09c0e000 r--s 00038000 08:06 9967504                    /usr/lib/jvm/java-8-openjdk-amd64/jre/lib/ext/sunpkcs11.jar
7fba09c0e000-7fba09c16000 rw-s 00000000 08:06 13893677                   /tmp/hsperfdata_marin/14966
7fba09c16000-7fba09c17000 rw-p 00000000 00:00 0 
7fba09c17000-7fba09c18000 ---p 00000000 00:00 0 
7fba09c18000-7fba09c1a000 rw-p 00000000 00:00 0 
7fba09c1a000-7fba09c1b000 r--p 00027000 08:06 4592233                    /lib/x86_64-linux-gnu/ld-2.27.so
7fba09c1b000-7fba09c1c000 rw-p 00028000 08:06 4592233                    /lib/x86_64-linux-gnu/ld-2.27.so
7fba09c1c000-7fba09c1d000 rw-p 00000000 00:00 0 
7ffe8273f000-7ffe82762000 rw-p 00000000 00:00 0                          [stack]
7ffe827a5000-7ffe827a8000 r--p 00000000 00:00 0                          [vvar]
7ffe827a8000-7ffe827aa000 r-xp 00000000 00:00 0                          [vdso]
ffffffffff600000-ffffffffff601000 r-xp 00000000 00:00 0                  [vsyscall]

VM Arguments:
jvm_args: -Dcom.sun.management.jmxremote -Dcom.sun.management.jmxremote.port=31285 -Dcom.sun.management.jmxremote.authenticate=false -Dcom.sun.management.jmxremote.ssl=false -Djava.rmi.server.hostname=localhost -Dspring.liveBeansView.mbeanDomain -Dspring.application.admin.enabled=true -Djava.security.egd=file:/dev/./urandom -Xverify:none -XX:TieredStopAtLevel=1 -Dfile.encoding=UTF-8 
java_command: net.marin.proyectodam.Application
java_class_path (initial): /usr/lib/jvm/java-8-openjdk-amd64/jre/lib/resources.jar:/usr/lib/jvm/java-8-openjdk-amd64/jre/lib/rt.jar:/usr/lib/jvm/java-8-openjdk-amd64/jre/lib/jsse.jar:/usr/lib/jvm/java-8-openjdk-amd64/jre/lib/jce.jar:/usr/lib/jvm/java-8-openjdk-amd64/jre/lib/charsets.jar:/usr/lib/jvm/java-8-openjdk-amd64/jre/lib/ext/sunpkcs11.jar:/usr/lib/jvm/java-8-openjdk-amd64/jre/lib/ext/dnsns.jar:/usr/lib/jvm/java-8-openjdk-amd64/jre/lib/ext/sunjce_provider.jar:/usr/lib/jvm/java-8-openjdk-amd64/jre/lib/ext/zipfs.jar:/usr/lib/jvm/java-8-openjdk-amd64/jre/lib/ext/jaccess.jar:/usr/lib/jvm/java-8-openjdk-amd64/jre/lib/ext/jfxrt.jar:/usr/lib/jvm/java-8-openjdk-amd64/jre/lib/ext/localedata.jar:/usr/lib/jvm/java-8-openjdk-amd64/jre/lib/ext/cldrdata.jar:/usr/lib/jvm/java-8-openjdk-amd64/jre/lib/ext/nashorn.jar:/usr/lib/jvm/java-8-openjdk-amd64/jre/lib/ext/java-atk-wrapper.jar:/usr/lib/jvm/java-8-openjdk-amd64/jre/lib/ext/sunec.jar:/usr/lib/jvm/java-8-openjdk-amd64/jre/lib/ext/icedtea-sound.jar:/home/marin/git/DAM_REPO/ProyectoFinalDAM/target/classes:/home/marin/.m2/repository/org/springframework/boot/spring-boot-starter-web/2.0.3.RELEASE/spring-boot-starter-web-2.0.3.RELEASE.jar:/home/marin/.m2/repository/org/springframework/boot/spring-boot-starter/2.0.3.RELEASE/spring-boot-starter-2.0.3.RELEASE.jar:/home/marin/.m2/repository/org/springframework/boot/spring-boot/2.0.3.RELEASE/spring-boot-2.0.3.RELEASE.jar:/home/marin/.m2/repository/org/springframework/boot/spring-boot-autoconfigure/2.0.3.RELEASE/spring-boot-autoconfigure-2.0.3.RELEASE.jar:/home/marin/.m2/repository/org/springframework/boot/spring-boot-starter-logging/2.0.3.RELEASE/spring-boot-starter-logging-2.0.3.RELEASE.jar:/home/marin/.m2/repository/ch/qos/logback/logback-classic/1.2.3/logback-classic-1.2.3.jar:/home/marin/.m2/repository/ch/qos/logback/logback-core/1.2.3/logback-core-1.2.3.jar:/home/marin/.m2/repository/org/apache/logging/log4j/log4j-to-slf4j/2.10.0/log4j-to-slf4j-2.10.0.jar:/home/marin/.m2/reposi
Launcher Type: SUN_STANDARD

Environment Variables:
PATH=/usr/local/sbin:/usr/local/bin:/usr/sbin:/usr/bin:/sbin:/bin:/usr/games:/usr/local/games
SHELL=/bin/bash
DISPLAY=:0

Signal Handlers:
SIGSEGV: [libjvm.so+0xaaf3a0], sa_mask[0]=11111111011111111101111111111110, sa_flags=SA_RESTART|SA_SIGINFO
SIGBUS: [libjvm.so+0xaaf3a0], sa_mask[0]=11111111011111111101111111111110, sa_flags=SA_RESTART|SA_SIGINFO
SIGFPE: [libjvm.so+0x8e52e0], sa_mask[0]=11111111011111111101111111111110, sa_flags=SA_RESTART|SA_SIGINFO
SIGPIPE: [libjvm.so+0x8e52e0], sa_mask[0]=11111111011111111101111111111110, sa_flags=SA_RESTART|SA_SIGINFO
SIGXFSZ: [libjvm.so+0x8e52e0], sa_mask[0]=11111111011111111101111111111110, sa_flags=SA_RESTART|SA_SIGINFO
SIGILL: [libjvm.so+0x8e52e0], sa_mask[0]=11111111011111111101111111111110, sa_flags=SA_RESTART|SA_SIGINFO
SIGUSR1: SIG_DFL, sa_mask[0]=00000000000000000000000000000000, sa_flags=none
SIGUSR2: [libjvm.so+0x8e5190], sa_mask[0]=00100000000000000000000000000000, sa_flags=SA_RESTART|SA_SIGINFO
SIGHUP: [libjvm.so+0x8e5640], sa_mask[0]=11111111011111111101111111111110, sa_flags=SA_RESTART|SA_SIGINFO
SIGINT: [libjvm.so+0x8e5640], sa_mask[0]=11111111011111111101111111111110, sa_flags=SA_RESTART|SA_SIGINFO
SIGTERM: [libjvm.so+0x8e5640], sa_mask[0]=11111111011111111101111111111110, sa_flags=SA_RESTART|SA_SIGINFO
SIGQUIT: [libjvm.so+0x8e5640], sa_mask[0]=11111111011111111101111111111110, sa_flags=SA_RESTART|SA_SIGINFO


---------------  S Y S T E M  ---------------

OS:DISTRIB_ID=LinuxMint
DISTRIB_RELEASE=19
DISTRIB_CODENAME=tara
DISTRIB_DESCRIPTION="Linux Mint 19 Tara"

uname:Linux 4.15.0-30-generic #32-Ubuntu SMP Thu Jul 26 17:42:43 UTC 2018 x86_64
libc:glibc 2.27 NPTL 2.27 
rlimit: STACK 8192k, CORE 0k, NPROC 15458, NOFILE 1048576, AS infinity
load average:2,37 1,90 1,49

/proc/meminfo:
MemTotal:        4020852 kB
MemFree:          119532 kB
MemAvailable:     234176 kB
Buffers:           16752 kB
Cached:           605216 kB
SwapCached:        11692 kB
Active:          2871580 kB
Inactive:         733868 kB
Active(anon):    2741348 kB
Inactive(anon):   567180 kB
Active(file):     130232 kB
Inactive(file):   166688 kB
Unevictable:         104 kB
Mlocked:             104 kB
SwapTotal:       8441852 kB
SwapFree:        7348732 kB
Dirty:              2156 kB
Writeback:             0 kB
AnonPages:       2978676 kB
Mapped:           540044 kB
Shmem:            324996 kB
Slab:             102368 kB
SReclaimable:      45460 kB
SUnreclaim:        56908 kB
KernelStack:       11200 kB
PageTables:        66164 kB
NFS_Unstable:          0 kB
Bounce:                0 kB
WritebackTmp:          0 kB
CommitLimit:    10452276 kB
Committed_AS:    9060556 kB
VmallocTotal:   34359738367 kB
VmallocUsed:           0 kB
VmallocChunk:          0 kB
HardwareCorrupted:     0 kB
AnonHugePages:         0 kB
ShmemHugePages:        0 kB
ShmemPmdMapped:        0 kB
CmaTotal:              0 kB
CmaFree:               0 kB
HugePages_Total:       0
HugePages_Free:        0
HugePages_Rsvd:        0
HugePages_Surp:        0
Hugepagesize:       2048 kB
DirectMap4k:      280832 kB
DirectMap2M:     3895296 kB


CPU:total 4 (initial active 4) (2 cores per cpu, 2 threads per core) family 6 model 42 stepping 7, cmov, cx8, fxsr, mmx, sse, sse2, sse3, ssse3, sse4.1, sse4.2, popcnt, avx, aes, clmul, ht, tsc, tscinvbit

/proc/cpuinfo:
processor	: 0
vendor_id	: GenuineIntel
cpu family	: 6
model		: 42
model name	: Intel(R) Core(TM) i5-2430M CPU @ 2.40GHz
stepping	: 7
microcode	: 0x2d
cpu MHz		: 2793.739
cache size	: 3072 KB
physical id	: 0
siblings	: 4
core id		: 0
cpu cores	: 2
apicid		: 0
initial apicid	: 0
fpu		: yes
fpu_exception	: yes
cpuid level	: 13
wp		: yes
flags		: fpu vme de pse tsc msr pae mce cx8 apic sep mtrr pge mca cmov pat pse36 clflush dts acpi mmx fxsr sse sse2 ss ht tm pbe syscall nx rdtscp lm constant_tsc arch_perfmon pebs bts rep_good nopl xtopology nonstop_tsc cpuid aperfmperf pni pclmulqdq dtes64 monitor ds_cpl vmx est tm2 ssse3 cx16 xtpr pdcm pcid sse4_1 sse4_2 x2apic popcnt tsc_deadline_timer aes xsave avx lahf_lm epb pti ibrs ibpb stibp tpr_shadow vnmi flexpriority ept vpid xsaveopt dtherm ida arat pln pts
bugs		: cpu_meltdown spectre_v1 spectre_v2 spec_store_bypass
bogomips	: 4789.26
clflush size	: 64
cache_alignment	: 64
address sizes	: 36 bits physical, 48 bits virtual
power management:

processor	: 1
vendor_id	: GenuineIntel
cpu family	: 6
model		: 42
model name	: Intel(R) Core(TM) i5-2430M CPU @ 2.40GHz
stepping	: 7
microcode	: 0x2d
cpu MHz		: 2793.739
cache size	: 3072 KB
physical id	: 0
siblings	: 4
core id		: 0
cpu cores	: 2
apicid		: 1
initial apicid	: 1
fpu		: yes
fpu_exception	: yes
cpuid level	: 13
wp		: yes
flags		: fpu vme de pse tsc msr pae mce cx8 apic sep mtrr pge mca cmov pat pse36 clflush dts acpi mmx fxsr sse sse2 ss ht tm pbe syscall nx rdtscp lm constant_tsc arch_perfmon pebs bts rep_good nopl xtopology nonstop_tsc cpuid aperfmperf pni pclmulqdq dtes64 monitor ds_cpl vmx est tm2 ssse3 cx16 xtpr pdcm pcid sse4_1 sse4_2 x2apic popcnt tsc_deadline_timer aes xsave avx lahf_lm epb pti ibrs ibpb stibp tpr_shadow vnmi flexpriority ept vpid xsaveopt dtherm ida arat pln pts
bugs		: cpu_meltdown spectre_v1 spectre_v2 spec_store_bypass
bogomips	: 4789.26
clflush size	: 64
cache_alignment	: 64
address sizes	: 36 bits physical, 48 bits virtual
power management:

processor	: 2
vendor_id	: GenuineIntel
cpu family	: 6
model		: 42
model name	: Intel(R) Core(TM) i5-2430M CPU @ 2.40GHz
stepping	: 7
microcode	: 0x2d
cpu MHz		: 2793.740
cache size	: 3072 KB
physical id	: 0
siblings	: 4
core id		: 1
cpu cores	: 2
apicid		: 2
initial apicid	: 2
fpu		: yes
fpu_exception	: yes
cpuid level	: 13
wp		: yes
flags		: fpu vme de pse tsc msr pae mce cx8 apic sep mtrr pge mca cmov pat pse36 clflush dts acpi mmx fxsr sse sse2 ss ht tm pbe syscall nx rdtscp lm constant_tsc arch_perfmon pebs bts rep_good nopl xtopology nonstop_tsc cpuid aperfmperf pni pclmulqdq dtes64 monitor ds_cpl vmx est tm2 ssse3 cx16 xtpr pdcm pcid sse4_1 sse4_2 x2apic popcnt tsc_deadline_timer aes xsave avx lahf_lm epb pti ibrs ibpb stibp tpr_shadow vnmi flexpriority ept vpid xsaveopt dtherm ida arat pln pts
bugs		: cpu_meltdown spectre_v1 spectre_v2 spec_store_bypass
bogomips	: 4789.26
clflush size	: 64
cache_alignment	: 64
address sizes	: 36 bits physical, 48 bits virtual
power management:

processor	: 3
vendor_id	: GenuineIntel
cpu family	: 6
model		: 42
model name	: Intel(R) Core(TM) i5-2430M CPU @ 2.40GHz
stepping	: 7
microcode	: 0x2d
cpu MHz		: 2793.739
cache size	: 3072 KB
physical id	: 0
siblings	: 4
core id		: 1
cpu cores	: 2
apicid		: 3
initial apicid	: 3
fpu		: yes
fpu_exception	: yes
cpuid level	: 13
wp		: yes
flags		: fpu vme de pse tsc msr pae mce cx8 apic sep mtrr pge mca cmov pat pse36 clflush dts acpi mmx fxsr sse sse2 ss ht tm pbe syscall nx rdtscp lm constant_tsc arch_perfmon pebs bts rep_good nopl xtopology nonstop_tsc cpuid aperfmperf pni pclmulqdq dtes64 monitor ds_cpl vmx est tm2 ssse3 cx16 xtpr pdcm pcid sse4_1 sse4_2 x2apic popcnt tsc_deadline_timer aes xsave avx lahf_lm epb pti ibrs ibpb stibp tpr_shadow vnmi flexpriority ept vpid xsaveopt dtherm ida arat pln pts
bugs		: cpu_meltdown spectre_v1 spectre_v2 spec_store_bypass
bogomips	: 4789.26
clflush size	: 64
cache_alignment	: 64
address sizes	: 36 bits physical, 48 bits virtual
power management:



Memory: 4k page, physical 4020852k(120212k free), swap 8441852k(7348732k free)

vm_info: OpenJDK 64-Bit Server VM (25.181-b13) for linux-amd64 JRE (1.8.0_181-8u181-b13-0ubuntu0.18.04.1-b13), built on Jul 23 2018 19:14:48 by "buildd" with gcc 7.3.0

time: Sun Nov 25 19:28:41 2018
elapsed time: 15 seconds (0d 0h 0m 15s)

